2022-12-26 18:32:47,169 [INFO] Activator:177 - 


2022-12-26 18:32:47,170 [INFO] Activator:178 - !SESSION log4j initialized
2022-12-26 18:32:57,972 [INFO] McuFinderGlobals:44 - Set McuFinder mode to 2 (CubeIDE integrated)
2022-12-26 18:32:58,115 [INFO] ApplicationProperties:181 - Using Application install path: C:\ST\STM32CubeIDE_1.10.1\STM32CubeIDE\plugins\com.st.stm32cube.common.mx_6.6.1.202207061420
2022-12-26 18:32:58,124 [INFO] DbMcusXml:77 - Set database path to: C:\ST\STM32CubeIDE_1.10.1\STM32CubeIDE\plugins\com.st.stm32cube.common.mx_6.6.1.202207061420\\db\/mcu/
2022-12-26 18:32:58,124 [INFO] ApiDb:269 - Set plugin database path to: C:\ST\STM32CubeIDE_1.10.1\STM32CubeIDE\plugins\com.st.stm32cube.common.mx_6.6.1.202207061420\\db\/plugins/boardmanager/
2022-12-26 18:32:58,126 [WARN] ApiDb:254 - Overriding images path with different value:  => C:\ST\STM32CubeIDE_1.10.1\STM32CubeIDE\plugins\com.st.stm32cube.common.mx_6.6.1.202207061420\\db\/plugins/mcufinder/images/
2022-12-26 18:32:58,133 [INFO] ApiDb:249 - Set database path to: C:\Users\Nelson\.stmcufinder\plugins\mcufinder//mcu/
2022-12-26 18:32:58,134 [INFO] DbMcusAds:124 - Set database path to: C:\Users\Nelson\.stmcufinder\plugins\mcufinder//mcu/
2022-12-26 18:32:58,135 [INFO] CrossReferenceDbSqlite:201 - Set database path to: C:\Users\Nelson\.stmcufinder\plugins\mcufinder//mcu/cs/
2022-12-26 18:32:58,200 [INFO] RulesReader:61 - Compatibility file has been processed (282 Rules)
2022-12-26 18:32:58,250 [INFO] DbMcusXml:77 - Set database path to: C:\ST\STM32CubeIDE_1.10.1\STM32CubeIDE\plugins\com.st.stm32cube.common.mx_6.6.1.202207061420\\db\/mcu/
2022-12-26 18:32:58,250 [INFO] ApiDb:269 - Set plugin database path to: C:\ST\STM32CubeIDE_1.10.1\STM32CubeIDE\plugins\com.st.stm32cube.common.mx_6.6.1.202207061420\\db\/plugins/boardmanager/
2022-12-26 18:32:58,250 [INFO] ApiDb:256 - Set plugin images path to: C:\ST\STM32CubeIDE_1.10.1\STM32CubeIDE\plugins\com.st.stm32cube.common.mx_6.6.1.202207061420\\db\/plugins/mcufinder/images/
2022-12-26 18:32:58,250 [WARN] DbFile:40 - Overriding database path with different value: C:\Users\Nelson\.stmcufinder\plugins\mcufinder/ => C:\Users\Nelson\.stmcufinder\plugins\mcufinder
2022-12-26 18:32:58,251 [INFO] ApiDb:249 - Set database path to: C:\Users\Nelson\.stmcufinder\plugins\mcufinder//mcu/
2022-12-26 18:32:58,251 [WARN] DbFile:40 - Overriding database path with different value: C:\Users\Nelson\.stmcufinder\plugins\mcufinder/ => C:\Users\Nelson\.stmcufinder\plugins\mcufinder
2022-12-26 18:32:58,251 [INFO] DbMcusAds:124 - Set database path to: C:\Users\Nelson\.stmcufinder\plugins\mcufinder//mcu/
2022-12-26 18:32:58,251 [WARN] DbFile:40 - Overriding database path with different value: C:\Users\Nelson\.stmcufinder\plugins\mcufinder/ => C:\Users\Nelson\.stmcufinder\plugins\mcufinder
2022-12-26 18:32:58,251 [WARN] DbFile:40 - Overriding database path with different value: C:\Users\Nelson\.stmcufinder\plugins\mcufinder/ => C:\Users\Nelson\.stmcufinder\plugins\mcufinder
2022-12-26 18:32:58,252 [INFO] CrossReferenceDbSqlite:201 - Set database path to: C:\Users\Nelson\.stmcufinder\plugins\mcufinder//mcu/cs/
2022-12-26 18:32:58,300 [INFO] MainPanel:242 - HeapMemory: 268435456
2022-12-26 18:32:58,349 [INFO] DbMcusXml:77 - Set database path to: C:\ST\STM32CubeIDE_1.10.1\STM32CubeIDE\plugins\com.st.stm32cube.common.mx_6.6.1.202207061420\\db\/mcu/
2022-12-26 18:32:58,349 [INFO] ApiDb:269 - Set plugin database path to: C:\ST\STM32CubeIDE_1.10.1\STM32CubeIDE\plugins\com.st.stm32cube.common.mx_6.6.1.202207061420\\db\/plugins/boardmanager/
2022-12-26 18:32:58,349 [INFO] ApiDb:256 - Set plugin images path to: C:\ST\STM32CubeIDE_1.10.1\STM32CubeIDE\plugins\com.st.stm32cube.common.mx_6.6.1.202207061420\\db\/plugins/mcufinder/images/
2022-12-26 18:32:58,349 [WARN] DbFile:40 - Overriding database path with different value: C:\Users\Nelson\.stmcufinder\plugins\mcufinder/ => C:\Users\Nelson\.stmcufinder\plugins\mcufinder
2022-12-26 18:32:58,349 [INFO] ApiDb:249 - Set database path to: C:\Users\Nelson\.stmcufinder\plugins\mcufinder//mcu/
2022-12-26 18:32:58,349 [WARN] DbFile:40 - Overriding database path with different value: C:\Users\Nelson\.stmcufinder\plugins\mcufinder/ => C:\Users\Nelson\.stmcufinder\plugins\mcufinder
2022-12-26 18:32:58,350 [INFO] DbMcusAds:124 - Set database path to: C:\Users\Nelson\.stmcufinder\plugins\mcufinder//mcu/
2022-12-26 18:32:58,350 [WARN] DbFile:40 - Overriding database path with different value: C:\Users\Nelson\.stmcufinder\plugins\mcufinder/ => C:\Users\Nelson\.stmcufinder\plugins\mcufinder
2022-12-26 18:32:58,350 [WARN] DbFile:40 - Overriding database path with different value: C:\Users\Nelson\.stmcufinder\plugins\mcufinder/ => C:\Users\Nelson\.stmcufinder\plugins\mcufinder
2022-12-26 18:32:58,350 [INFO] CrossReferenceDbSqlite:201 - Set database path to: C:\Users\Nelson\.stmcufinder\plugins\mcufinder//mcu/cs/
2022-12-26 18:32:58,361 [INFO] ApplicationProperties:181 - Using Application install path: C:\ST\STM32CubeIDE_1.10.1\STM32CubeIDE\plugins\com.st.stm32cube.common.mx_6.6.1.202207061420
2022-12-26 18:32:58,362 [INFO] PluginManage:193 - Search for loadable plugins [exclusion list=, ]
2022-12-26 18:32:58,363 [INFO] PluginManage:307 - Check plugin analytics
2022-12-26 18:32:58,452 [INFO] AnalyticsPlugin:262 - Accepted Software Licenses: 
2022-12-26 18:32:58,452 [INFO] AnalyticsPlugin:264 - Accepted CMSIS Pack Licenses: 
2022-12-26 18:32:58,453 [INFO] AnalyticsPlugin:266 - Accepted Firmware Licenses: 
2022-12-26 18:32:58,457 [INFO] PluginManage:356 - Loaded plugin analytics (category:tool,tabindex:-1)
2022-12-26 18:32:58,458 [INFO] PluginManage:307 - Check plugin cadmodel
2022-12-26 18:32:58,460 [INFO] CADModel:65 - Init CAD model plugin
2022-12-26 18:32:58,460 [INFO] PluginManage:356 - Loaded plugin cadmodel (category:power,tabindex:5)
2022-12-26 18:32:58,460 [INFO] PluginManage:307 - Check plugin clock
2022-12-26 18:32:58,466 [INFO] PluginManage:356 - Loaded plugin clock (category:base,tabindex:2)
2022-12-26 18:32:58,466 [INFO] PluginManage:307 - Check plugin ddr
2022-12-26 18:32:58,467 [INFO] PluginManage:356 - Loaded plugin ddr (category:tool,tabindex:6)
2022-12-26 18:32:58,467 [INFO] PluginManage:307 - Check plugin filemanager
2022-12-26 18:32:58,578 [INFO] PluginManage:356 - Loaded plugin filemanager (category:base,tabindex:10)
2022-12-26 18:32:58,578 [INFO] PluginManage:307 - Check plugin ipmanager
2022-12-26 18:32:58,584 [INFO] PluginManage:356 - Loaded plugin ipmanager (category:base,tabindex:5)
2022-12-26 18:32:58,584 [INFO] PluginManage:307 - Check plugin lpbam
2022-12-26 18:32:58,590 [INFO] PluginManage:356 - Loaded plugin lpbam (category:base,tabindex:0)
2022-12-26 18:32:58,590 [INFO] PluginManage:307 - Check plugin pinoutandconfiguration
2022-12-26 18:32:58,594 [INFO] PluginManage:356 - Loaded plugin pinoutandconfiguration (category:base,tabindex:1)
2022-12-26 18:32:58,595 [INFO] PluginManage:307 - Check plugin pinoutconfig
2022-12-26 18:32:58,615 [INFO] PluginManage:356 - Loaded plugin pinoutconfig (category:base,tabindex:0)
2022-12-26 18:32:58,615 [INFO] PluginManage:307 - Check plugin power
2022-12-26 18:32:58,620 [INFO] PluginManage:356 - Loaded plugin power (category:power,tabindex:4)
2022-12-26 18:32:58,620 [INFO] PluginManage:307 - Check plugin projectmanager
2022-12-26 18:32:58,629 [INFO] PluginManage:356 - Loaded plugin projectmanager (category:projectmanager,tabindex:3)
2022-12-26 18:32:58,630 [INFO] PluginManage:307 - Check plugin thirdparty
2022-12-26 18:32:58,699 [INFO] PluginManage:356 - Loaded plugin thirdparty (category:base,tabindex:-1)
2022-12-26 18:32:58,699 [WARN] IntegrityCheckThread:82 - waiting for thirdparty lock release [integrity check]
2022-12-26 18:32:58,699 [INFO] PluginManage:307 - Check plugin tools
2022-12-26 18:32:58,700 [INFO] IntegrityCheckThread:84 - entering critical section [integrity check]
2022-12-26 18:32:58,702 [INFO] PluginManage:356 - Loaded plugin tools (category:base,tabindex:7)
2022-12-26 18:32:58,702 [INFO] PluginManage:307 - Check plugin tutovideos
2022-12-26 18:32:58,702 [INFO] ThirdPartyUpdaterWithRetryManager:70 - Updater plugin not ready yet. [1/15]
2022-12-26 18:32:58,825 [INFO] PluginManage:356 - Loaded plugin tutovideos (category:base,tabindex:-1)
2022-12-26 18:32:58,825 [INFO] PluginManage:307 - Check plugin updater
2022-12-26 18:32:58,833 [INFO] PluginManage:356 - Loaded plugin updater (category:base,tabindex:12)
2022-12-26 18:32:58,834 [INFO] PluginManage:280 - PluginManage : Loaded plugins [15]
2022-12-26 18:32:58,972 [INFO] PinOutPanel:1468 - setPackage(No Configuration,No Configuration)
2022-12-26 18:32:59,013 [INFO] CADModel:98 - CPN selected for project level
2022-12-26 18:32:59,022 [INFO] IPUIPlugin:79 - create IPUIPlugin
2022-12-26 18:32:59,022 [INFO] PluginManager:217 - loadIPPluginJar : add adc
2022-12-26 18:32:59,023 [INFO] IPUIPlugin:79 - create IPUIPlugin
2022-12-26 18:32:59,023 [INFO] PluginManager:217 - loadIPPluginJar : add aes
2022-12-26 18:32:59,025 [INFO] IPUIPlugin:79 - create IPUIPlugin
2022-12-26 18:32:59,025 [INFO] PluginManager:217 - loadIPPluginJar : add can
2022-12-26 18:32:59,026 [INFO] IPUIPlugin:79 - create IPUIPlugin
2022-12-26 18:32:59,026 [INFO] PluginManager:217 - loadIPPluginJar : add comp
2022-12-26 18:32:59,027 [INFO] IPUIPlugin:79 - create IPUIPlugin
2022-12-26 18:32:59,027 [INFO] PluginManager:217 - loadIPPluginJar : add cryp
2022-12-26 18:32:59,028 [INFO] IPUIPlugin:79 - create IPUIPlugin
2022-12-26 18:32:59,029 [INFO] PluginManager:217 - loadIPPluginJar : add dfsdm
2022-12-26 18:32:59,031 [INFO] IPUIPlugin:79 - create IPUIPlugin
2022-12-26 18:32:59,032 [INFO] PluginManager:217 - loadIPPluginJar : add dma
2022-12-26 18:32:59,033 [INFO] IPUIPlugin:79 - create IPUIPlugin
2022-12-26 18:32:59,033 [INFO] PluginManager:217 - loadIPPluginJar : add dma3
2022-12-26 18:32:59,034 [INFO] IPUIPlugin:79 - create IPUIPlugin
2022-12-26 18:32:59,034 [INFO] PluginManager:217 - loadIPPluginJar : add fatfs
2022-12-26 18:32:59,037 [INFO] IPUIPlugin:79 - create IPUIPlugin
2022-12-26 18:32:59,037 [INFO] PluginManager:217 - loadIPPluginJar : add fmc
2022-12-26 18:32:59,039 [INFO] IPUIPlugin:79 - create IPUIPlugin
2022-12-26 18:32:59,040 [INFO] PluginManager:217 - loadIPPluginJar : add freertos
2022-12-26 18:32:59,040 [INFO] IPUIPlugin:79 - create IPUIPlugin
2022-12-26 18:32:59,040 [INFO] PluginManager:217 - loadIPPluginJar : add genericplugin
2022-12-26 18:32:59,042 [INFO] IPUIPlugin:79 - create IPUIPlugin
2022-12-26 18:32:59,042 [INFO] PluginManager:217 - loadIPPluginJar : add gfxmmu
2022-12-26 18:32:59,044 [INFO] IPUIPlugin:79 - create IPUIPlugin
2022-12-26 18:32:59,044 [INFO] PluginManager:217 - loadIPPluginJar : add gic
2022-12-26 18:32:59,046 [INFO] IPUIPlugin:79 - create IPUIPlugin
2022-12-26 18:32:59,047 [INFO] PluginManager:217 - loadIPPluginJar : add gpio
2022-12-26 18:32:59,048 [INFO] IPUIPlugin:79 - create IPUIPlugin
2022-12-26 18:32:59,048 [INFO] PluginManager:217 - loadIPPluginJar : add gtzc
2022-12-26 18:32:59,049 [INFO] IPUIPlugin:79 - create IPUIPlugin
2022-12-26 18:32:59,050 [INFO] PluginManager:217 - loadIPPluginJar : add hash
2022-12-26 18:32:59,051 [INFO] IPUIPlugin:79 - create IPUIPlugin
2022-12-26 18:32:59,051 [INFO] PluginManager:217 - loadIPPluginJar : add i2c
2022-12-26 18:32:59,052 [INFO] IPUIPlugin:79 - create IPUIPlugin
2022-12-26 18:32:59,052 [INFO] PluginManager:217 - loadIPPluginJar : add i2s
2022-12-26 18:32:59,054 [INFO] IPUIPlugin:79 - create IPUIPlugin
2022-12-26 18:32:59,054 [INFO] PluginManager:217 - loadIPPluginJar : add ipddr
2022-12-26 18:32:59,058 [INFO] IPUIPlugin:79 - create IPUIPlugin
2022-12-26 18:32:59,058 [INFO] PluginManager:217 - loadIPPluginJar : add linkedlist
2022-12-26 18:32:59,060 [INFO] IPUIPlugin:79 - create IPUIPlugin
2022-12-26 18:32:59,060 [INFO] PluginManager:217 - loadIPPluginJar : add lorawan
2022-12-26 18:32:59,061 [INFO] IPUIPlugin:79 - create IPUIPlugin
2022-12-26 18:32:59,061 [INFO] PluginManager:217 - loadIPPluginJar : add ltdc
2022-12-26 18:32:59,064 [INFO] IPUIPlugin:79 - create IPUIPlugin
2022-12-26 18:32:59,064 [INFO] PluginManager:217 - loadIPPluginJar : add mdma
2022-12-26 18:32:59,066 [INFO] IPUIPlugin:79 - create IPUIPlugin
2022-12-26 18:32:59,066 [INFO] PluginManager:217 - loadIPPluginJar : add nvic
2022-12-26 18:32:59,067 [INFO] IPUIPlugin:79 - create IPUIPlugin
2022-12-26 18:32:59,067 [INFO] PluginManager:217 - loadIPPluginJar : add opamp
2022-12-26 18:32:59,069 [INFO] IPUIPlugin:79 - create IPUIPlugin
2022-12-26 18:32:59,069 [INFO] PluginManager:217 - loadIPPluginJar : add openamp
2022-12-26 18:32:59,071 [INFO] IPUIPlugin:79 - create IPUIPlugin
2022-12-26 18:32:59,071 [INFO] PluginManager:217 - loadIPPluginJar : add pdm2pcm
2022-12-26 18:32:59,074 [INFO] IPUIPlugin:79 - create IPUIPlugin
2022-12-26 18:32:59,076 [INFO] PluginManager:217 - loadIPPluginJar : add plateformsettings
2022-12-26 18:32:59,077 [INFO] IPUIPlugin:79 - create IPUIPlugin
2022-12-26 18:32:59,077 [INFO] PluginManager:217 - loadIPPluginJar : add quadspi
2022-12-26 18:32:59,078 [INFO] IPUIPlugin:79 - create IPUIPlugin
2022-12-26 18:32:59,079 [INFO] PluginManager:217 - loadIPPluginJar : add resmgrutility
2022-12-26 18:32:59,080 [INFO] IPUIPlugin:79 - create IPUIPlugin
2022-12-26 18:32:59,080 [INFO] PluginManager:217 - loadIPPluginJar : add sai
2022-12-26 18:32:59,082 [INFO] IPUIPlugin:79 - create IPUIPlugin
2022-12-26 18:32:59,082 [INFO] PluginManager:217 - loadIPPluginJar : add spi
2022-12-26 18:32:59,084 [INFO] IPUIPlugin:79 - create IPUIPlugin
2022-12-26 18:32:59,084 [INFO] PluginManager:217 - loadIPPluginJar : add stm32_wpan
2022-12-26 18:32:59,085 [INFO] IPUIPlugin:79 - create IPUIPlugin
2022-12-26 18:32:59,085 [INFO] PluginManager:217 - loadIPPluginJar : add tim
2022-12-26 18:32:59,087 [INFO] IPUIPlugin:79 - create IPUIPlugin
2022-12-26 18:32:59,087 [INFO] PluginManager:217 - loadIPPluginJar : add touchsensing
2022-12-26 18:32:59,088 [INFO] IPUIPlugin:79 - create IPUIPlugin
2022-12-26 18:32:59,088 [INFO] PluginManager:217 - loadIPPluginJar : add tracer_emb
2022-12-26 18:32:59,089 [INFO] IPUIPlugin:79 - create IPUIPlugin
2022-12-26 18:32:59,089 [INFO] PluginManager:217 - loadIPPluginJar : add ts
2022-12-26 18:32:59,090 [INFO] IPUIPlugin:79 - create IPUIPlugin
2022-12-26 18:32:59,090 [INFO] PluginManager:217 - loadIPPluginJar : add tsc
2022-12-26 18:32:59,091 [INFO] IPUIPlugin:79 - create IPUIPlugin
2022-12-26 18:32:59,091 [INFO] PluginManager:217 - loadIPPluginJar : add ucpd
2022-12-26 18:32:59,093 [INFO] IPUIPlugin:79 - create IPUIPlugin
2022-12-26 18:32:59,093 [INFO] PluginManager:217 - loadIPPluginJar : add usart
2022-12-26 18:32:59,094 [INFO] IPUIPlugin:79 - create IPUIPlugin
2022-12-26 18:32:59,095 [INFO] PluginManager:217 - loadIPPluginJar : add usbx
2022-12-26 18:32:59,283 [FATAL] Updater:301 - Updater called before beeing initialized
2022-12-26 18:32:59,348 [FATAL] Updater:301 - Updater called before beeing initialized
2022-12-26 18:32:59,353 [INFO] DbMcusAds:52 - JSON generation date=Thu Sep 30 03:55:09 ART 2021 (1632984909377)
2022-12-26 18:32:59,353 [FATAL] Updater:301 - Updater called before beeing initialized
2022-12-26 18:32:59,376 [WARN] DetailPanel:344 - Failed to get advertising image, set to default
2022-12-26 18:32:59,464 [FATAL] Updater:301 - Updater called before beeing initialized
2022-12-26 18:32:59,466 [FATAL] Updater:301 - Updater called before beeing initialized
2022-12-26 18:32:59,466 [FATAL] Updater:301 - Updater called before beeing initialized
2022-12-26 18:32:59,466 [WARN] DetailPanel:344 - Failed to get advertising image, set to default
2022-12-26 18:32:59,466 [FATAL] Updater:301 - Updater called before beeing initialized
2022-12-26 18:32:59,495 [ERROR] Updater:1105 - MainUpdater not yet initialized. External WinMGr cannot be set.
2022-12-26 18:32:59,496 [INFO] Updater:1041 - Updater Version found : 6.6.1
2022-12-26 18:32:59,506 [INFO] ApplicationProperties:181 - Using Application install path: C:\ST\STM32CubeIDE_1.10.1\STM32CubeIDE\plugins\com.st.stm32cube.common.mx_6.6.1.202207061420
2022-12-26 18:32:59,738 [INFO] MainUpdater:2768 - connection check result : 10
2022-12-26 18:32:59,738 [INFO] MainUpdater:280 - Updater Check For Update Now.
2022-12-26 18:32:59,739 [INFO] MicroXplorer:481 - Change Database Version : DB.6.0.60
2022-12-26 18:32:59,880 [INFO] CheckServerUpdateThread:119 - End of CheckServer Thread
2022-12-26 18:32:59,953 [INFO] MainUpdater:2768 - connection check result : 10
2022-12-26 18:33:00,070 [INFO] McuFinderGlobals:57 - Set McuFinderConnectedMode to true
2022-12-26 18:33:00,076 [INFO] MultiScanPanel:195 - Auto-refresh data requested => check proxy status ongoing
2022-12-26 18:33:00,078 [INFO] FinderPluginLoader:92 - Searching for filters in installed packs
2022-12-26 18:33:00,170 [INFO] ApiDb:576 - Connected to CubeFinder SQLite database (C:\Users\Nelson\.stmcufinder\plugins\mcufinder\mcu\cube-finder-db.db)
2022-12-26 18:33:00,205 [INFO] ApiDb:663 - CubeFinder database Data Model version=2.1
2022-12-26 18:33:00,205 [INFO] ApiDb:664 - CubeFinder database Configuration version=3.0.35
2022-12-26 18:33:00,205 [INFO] ApiDb:665 - CubeFinder database generation date=2022-12-01 (1669903473)
2022-12-26 18:33:00,205 [INFO] ApiDb:666 - CubeFinder database FW Pack versions=[FP-ATR-ASTRA1_V1.1.1, STM32Cube_FW_C0_V1.0.0, STM32Cube_FW_F4_V1.27.1, STM32Cube_FW_F7_V1.17.0, STM32Cube_FW_G0_V1.6.1, STM32Cube_FW_G4_V1.5.0, STM32Cube_FW_H5_V0.5.1, STM32Cube_FW_H7_V1.11.0, STM32Cube_FW_L5_V1.5.0, STM32Cube_FW_U5_V1.1.1, STM32Cube_FW_WBA_V0.2.0, STM32Cube_FW_WB_V1.15.0, STM32Cube_FW_WB_V1.15.0RC1, STM32Cube_FW_WL_V1.3.0, X-CUBE-ALGOBUILD_V1.3.0, X-CUBE-ALS_V1.0.1, X-CUBE-AZRTOS-F4_V1.1.0, X-CUBE-AZRTOS-F7_V1.1.0, X-CUBE-AZRTOS-G0_V1.1.0, X-CUBE-AZRTOS-G4_V1.0.0, X-CUBE-AZRTOS-H7_V2.1.0, X-CUBE-AZRTOS-L4_V1.0.0, X-CUBE-AZRTOS-L5_V1.0.0, X-CUBE-AZRTOS-WL_V1.0.0, X-CUBE-BLE1_V6.2.4, X-CUBE-BLE2_V3.3.0, X-CUBE-BLEMGR_V1.3.0, X-CUBE-EEPRMA1_V3.1.1, X-CUBE-GNSS1_V6.0.0, X-CUBE-MEMS1_V9.1.0, X-CUBE-MEMS1_V9.3.0, X-CUBE-NFC4_V2.0.5, X-CUBE-NFC7_V1.0.0, X-CUBE-SFXS2LP1_V4.0.0, X-CUBE-SUBG2_V5.0.0]
2022-12-26 18:33:01,406 [INFO] ApiDb:239 - Found 138 in-development CPN: [B-WB1M-WPAN1, NUCLEO-C031C6, STEVAL-STWINBX1, STM320518-EVAL, STM32C0116-DK, STM32C011D6Y3TR, STM32C011D6Y6TR, STM32C011F4P3, STM32C011F4P6, STM32C011F4U3, STM32C011F4U6TR, STM32C011F6P3, STM32C011F6P6, STM32C011F6U3, STM32C011F6U6TR, STM32C011J4M3, STM32C011J4M6, STM32C011J6M3, STM32C011J6M6, STM32C0316-DK, STM32C031C4T3, STM32C031C4T6, STM32C031C4U3, STM32C031C4U6, STM32C031C6T3, STM32C031C6T6, STM32C031C6U3, STM32C031C6U6, STM32C031F4P3, STM32C031F4P6, STM32C031F6P3, STM32C031F6P6, STM32C031G4U3, STM32C031G4U6, STM32C031G6U3, STM32C031G6U6, STM32C031K4T3, STM32C031K4T6, STM32C031K4U3, STM32C031K4U6, STM32C031K6T3, STM32C031K6T6, STM32C031K6U3, STM32C031K6U6, STM32G071K8TXN, STM32G071K8UXN, STM32G081GBU6N, STM32G081KBT6N, STM32G081KBUXN, STM32G0B1CCT6N, STM32G0B1KCT6, STM32G0B1NEY6TR, STM32G0B1RCT6N, STM32G0C1CCT6, STM32G0C1CCT6N, STM32G0C1CCU6N, STM32G0C1CET6N, STM32G0C1CEU6N, STM32G0C1KCT6, STM32G0C1NEY6TR, STM32G0C1RCI6N, STM32G0C1RCT6N, STM32G0C1REI6N, STM32G0C1RET6N, STM32G0C1VCI6, STM32G0C1VEI6, STM32G471CCT6, STM32G471CCU6, STM32G471CET3, STM32G471CET6, STM32G471CEU3, STM32G471CEU6, STM32G471MCT6, STM32G471MET3, STM32G471MET6, STM32G471MEY6TR, STM32G471QCT6, STM32G471QET3, STM32G471RCT6, STM32G471RET3, STM32G471RET6, STM32G471VCH6, STM32G471VCI6, STM32G471VCT6, STM32G471VEH3, STM32G471VEH6, STM32G471VEI3, STM32G471VEI6, STM32G471VET3, STM32G471VET6, STM32G474CCT6, STM32L476VGY6PTR, STM32L4R5QGI6STR, STM32MP131AAE3, STM32MP131AAF3, STM32MP131AAG3, STM32MP131CAE3, STM32MP131CAF3, STM32MP131CAG3, STM32MP131DAE7, STM32MP131DAF7, STM32MP131DAG7, STM32MP131FAE7, STM32MP131FAF7, STM32MP131FAG7, STM32MP133AAE3, STM32MP133AAF3, STM32MP133AAG3, STM32MP133CAE3, STM32MP133CAF3, STM32MP133CAG3, STM32MP133DAE7, STM32MP133DAF7, STM32MP133DAG7, STM32MP133FAE7, STM32MP133FAF7, STM32MP133FAG7, STM32MP135AAE3, STM32MP135AAF3, STM32MP135AAG3, STM32MP135CAE3, STM32MP135CAF3, STM32MP135CAG3, STM32MP135DAE7, STM32MP135DAF7, STM32MP135DAG7, STM32MP135F-DK, STM32MP135FAE7, STM32MP135FAF7, STM32MP135FAG7, STM32U595ZJT6Q, STM32U599BJY6QTR, STM32U599NIH6Q, STM32U599NJH6Q, STM32U5A5ZJT6Q, STM32U5A9BJY6QTR, STM32U5A9NJH6Q, STM32WB1MMCH6]
2022-12-26 18:33:01,409 [INFO] DbMcus:215 - Found 3580 MCUs, 3580 are supported
2022-12-26 18:33:01,410 [INFO] ApiDb:418 - Load user favorites file C:\Users\Nelson/.stm32cubeide/favorites.mcus.txt: 0 item(s)
2022-12-26 18:33:01,411 [INFO] ApiDb:422 - User favorites MCUs=[]
2022-12-26 18:33:01,411 [INFO] DbMcus:221 - Set 0 / 0 favorites MCUs
2022-12-26 18:33:01,795 [WARN] PackLoader:242 - Cannot read IP mode file for STMicroelectronics.X-CUBE-GNSS1.6.0.0
2022-12-26 18:33:01,815 [WARN] PackLoader:242 - Cannot read IP mode file for STMicroelectronics.X-CUBE-AZRTOS-F4.1.1.0
2022-12-26 18:33:01,824 [WARN] PackLoader:242 - Cannot read IP mode file for STMicroelectronics.X-CUBE-BLEMGR.1.2.0
2022-12-26 18:33:01,838 [WARN] PackLoader:242 - Cannot read IP mode file for STMicroelectronics.X-CUBE-AZRTOS-F7.1.1.0
2022-12-26 18:33:01,844 [WARN] PackLoader:242 - Cannot read IP mode file for STMicroelectronics.X-CUBE-BLE1.6.2.3
2022-12-26 18:33:01,847 [WARN] PackLoader:242 - Cannot read IP mode file for STMicroelectronics.X-CUBE-BLE1.6.2.4
2022-12-26 18:33:01,851 [WARN] PackLoader:242 - Cannot read IP mode file for STMicroelectronics.X-CUBE-NFC4.2.0.5
2022-12-26 18:33:01,854 [WARN] PackLoader:242 - Cannot read IP mode file for STMicroelectronics.X-CUBE-NFC4.2.0.4
2022-12-26 18:33:01,859 [WARN] PackLoader:242 - Cannot read IP mode file for wolfSSL.I-CUBE-wolfSSL.5.5.1
2022-12-26 18:33:01,862 [WARN] PackLoader:242 - Cannot read IP mode file for STMicroelectronics.X-CUBE-NFC7.1.0.0
2022-12-26 18:33:01,895 [WARN] PackLoader:242 - Cannot read IP mode file for STMicroelectronics.X-CUBE-MEMS1.9.3.0
2022-12-26 18:33:01,992 [WARN] PackLoader:242 - Cannot read IP mode file for STMicroelectronics.X-CUBE-EEPRMA1.4.1.0
2022-12-26 18:33:01,996 [WARN] PackLoader:242 - Cannot read IP mode file for STMicroelectronics.X-CUBE-AI.7.2.0
2022-12-26 18:33:02,001 [WARN] PackLoader:242 - Cannot read IP mode file for STMicroelectronics.X-CUBE-SFXS2LP1.4.0.0
2022-12-26 18:33:02,004 [WARN] PackLoader:242 - Cannot read IP mode file for STMicroelectronics.X-CUBE-BLE2.3.3.0
2022-12-26 18:33:02,010 [WARN] PackLoader:242 - Cannot read IP mode file for STMicroelectronics.X-CUBE-DISPLAY.2.2.0
2022-12-26 18:33:02,018 [WARN] PackLoader:242 - Cannot read IP mode file for STMicroelectronics.X-CUBE-TOF1.3.2.0
2022-12-26 18:33:02,048 [WARN] PackLoader:242 - Cannot read IP mode file for STMicroelectronics.X-CUBE-AZRTOS-H7.3.0.0
2022-12-26 18:33:02,053 [WARN] PackLoader:242 - Cannot read IP mode file for STMicroelectronics.X-CUBE-ISPU.1.0.0
2022-12-26 18:33:02,055 [WARN] PackLoader:242 - Cannot read IP mode file for STMicroelectronics.X-CUBE-ISPU.1.1.0
2022-12-26 18:33:02,060 [WARN] PackLoader:242 - Cannot read IP mode file for RoweBots.I-CUBE-UNISONRTOS.5.5.0-4
2022-12-26 18:33:02,071 [WARN] PackLoader:242 - Cannot read IP mode file for STMicroelectronics.X-CUBE-AZRTOS-H7.2.1.0
2022-12-26 18:33:02,076 [WARN] PackLoader:242 - Cannot read IP mode file for STMicroelectronics.X-CUBE-TOUCHGFX.4.21.0
2022-12-26 18:33:02,096 [WARN] PackLoader:242 - Cannot read IP mode file for STMicroelectronics.X-CUBE-MEMS1.9.4.0
2022-12-26 18:33:02,172 [WARN] PackLoader:242 - Cannot read IP mode file for STMicroelectronics.X-CUBE-AI.7.3.0
2022-12-26 18:33:02,176 [WARN] PackLoader:242 - Cannot read IP mode file for STMicroelectronics.X-CUBE-ALGOBUILD.1.3.0
2022-12-26 18:33:02,195 [WARN] PackLoader:242 - Cannot read IP mode file for STMicroelectronics.X-CUBE-AZRTOS-L5.1.1.0
2022-12-26 18:33:02,208 [WARN] PackLoader:242 - Cannot read IP mode file for STMicroelectronics.X-CUBE-AZRTOS-G0.1.1.0
2022-12-26 18:33:02,219 [WARN] PackLoader:242 - Cannot read IP mode file for STMicroelectronics.X-CUBE-SUBG2.5.0.0
2022-12-26 18:33:02,265 [WARN] PackLoader:242 - Cannot read IP mode file for SEGGER.I-CUBE-embOS.1.2.1
2022-12-26 18:33:02,293 [WARN] PackLoader:242 - Cannot read IP mode file for STMicroelectronics.FP-ATR-ASTRA1.1.1.1
2022-12-26 18:33:02,305 [WARN] PackLoader:242 - Cannot read IP mode file for STMicroelectronics.X-CUBE-BLEMGR.1.3.0
2022-12-26 18:33:02,317 [WARN] PackLoader:242 - Cannot read IP mode file for STMicroelectronics.X-CUBE-AZRTOS-G4.1.0.0
2022-12-26 18:33:02,324 [WARN] PackLoader:242 - Cannot read IP mode file for STMicroelectronics.FP-ATR-SIGFOX1.3.2.0
2022-12-26 18:33:02,332 [WARN] PackLoader:242 - Cannot read IP mode file for STMicroelectronics.X-CUBE-AZRTOS-L4.1.0.0
2022-12-26 18:33:02,337 [WARN] PackLoader:242 - Cannot read IP mode file for emotas.I-CUBE-CANOPEN.1.1.2
2022-12-26 18:33:02,339 [WARN] PackLoader:242 - Cannot read IP mode file for STMicroelectronics.X-CUBE-TOUCHGFX.4.20.0
2022-12-26 18:33:02,344 [WARN] PackLoader:242 - Cannot read IP mode file for STMicroelectronics.X-CUBE-AZRTOS-WL.1.0.0
2022-12-26 18:33:02,347 [WARN] PackLoader:242 - Cannot read IP mode file for portGmbH.I-Cube-SoM-uGOAL.1.1.0
2022-12-26 18:33:02,349 [WARN] PackLoader:242 - Cannot read IP mode file for STMicroelectronics.X-CUBE-ALS.1.0.1
2022-12-26 18:33:02,356 [WARN] PackLoader:242 - Cannot read IP mode file for STMicroelectronics.X-CUBE-AZRTOS-WB.1.1.0
2022-12-26 18:33:02,366 [WARN] PackLoader:242 - Cannot read IP mode file for STMicroelectronics.X-CUBE-AZRTOS-L5.1.0.0
2022-12-26 18:33:02,369 [WARN] PackLoader:242 - Cannot read IP mode file for STMicroelectronics.X-CUBE-EEPRMA1.3.1.1
2022-12-26 18:33:02,370 [INFO] ThirdParty:929 - Integrity check success = true
2022-12-26 18:33:02,370 [INFO] IntegrityCheckThread:98 - exiting critical section [integrity check]
2022-12-26 18:33:02,370 [INFO] IntegrityCheckThread:101 - End integrity checks thread
2022-12-26 18:33:02,474 [INFO] LoadUrlFilesThread:177 - End of LoadServerUrlFiles without Thread
2022-12-26 18:33:02,481 [INFO] DetailPanel:339 - Set advertising image to C:/Users/Nelson/STM32Cube/Repository/\en.Prom_NBSTM32U50921.jpg
2022-12-26 18:33:02,810 [INFO] MultiScanPanel:778 - Auto Refresh Data is not needed
2022-12-26 18:33:02,817 [INFO] ApiDb:663 - CubeFinder database Data Model version=2.1
2022-12-26 18:33:02,817 [INFO] ApiDb:664 - CubeFinder database Configuration version=3.0.35
2022-12-26 18:33:02,817 [INFO] ApiDb:665 - CubeFinder database generation date=2022-12-01 (1669903473)
2022-12-26 18:33:02,818 [INFO] ApiDb:666 - CubeFinder database FW Pack versions=[FP-ATR-ASTRA1_V1.1.1, STM32Cube_FW_C0_V1.0.0, STM32Cube_FW_F4_V1.27.1, STM32Cube_FW_F7_V1.17.0, STM32Cube_FW_G0_V1.6.1, STM32Cube_FW_G4_V1.5.0, STM32Cube_FW_H5_V0.5.1, STM32Cube_FW_H7_V1.11.0, STM32Cube_FW_L5_V1.5.0, STM32Cube_FW_U5_V1.1.1, STM32Cube_FW_WBA_V0.2.0, STM32Cube_FW_WB_V1.15.0, STM32Cube_FW_WB_V1.15.0RC1, STM32Cube_FW_WL_V1.3.0, X-CUBE-ALGOBUILD_V1.3.0, X-CUBE-ALS_V1.0.1, X-CUBE-AZRTOS-F4_V1.1.0, X-CUBE-AZRTOS-F7_V1.1.0, X-CUBE-AZRTOS-G0_V1.1.0, X-CUBE-AZRTOS-G4_V1.0.0, X-CUBE-AZRTOS-H7_V2.1.0, X-CUBE-AZRTOS-L4_V1.0.0, X-CUBE-AZRTOS-L5_V1.0.0, X-CUBE-AZRTOS-WL_V1.0.0, X-CUBE-BLE1_V6.2.4, X-CUBE-BLE2_V3.3.0, X-CUBE-BLEMGR_V1.3.0, X-CUBE-EEPRMA1_V3.1.1, X-CUBE-GNSS1_V6.0.0, X-CUBE-MEMS1_V9.1.0, X-CUBE-MEMS1_V9.3.0, X-CUBE-NFC4_V2.0.5, X-CUBE-NFC7_V1.0.0, X-CUBE-SFXS2LP1_V4.0.0, X-CUBE-SUBG2_V5.0.0]
2022-12-26 18:33:02,860 [INFO] DbBoardsSqlite:227 - include board P-NUCLEO-WB55-NUCLEO as a kit item of type 'Nucleo-64'
2022-12-26 18:33:02,861 [INFO] DbBoardsSqlite:227 - include board P-NUCLEO-WB55-USBDONGLE as a kit item of type 'Nucleo USB Dongle'
2022-12-26 18:33:02,861 [INFO] DbBoardsSqlite:227 - include board STEVAL-IDP005V1 as a kit item of type 'Evaluation Board'
2022-12-26 18:33:02,861 [INFO] DbBoardsSqlite:227 - include board STEVAL-IDP005V2 as a kit item of type 'Evaluation Board'
2022-12-26 18:33:02,887 [INFO] ApiDb:239 - Found 138 in-development CPN: [B-WB1M-WPAN1, NUCLEO-C031C6, STEVAL-STWINBX1, STM320518-EVAL, STM32C0116-DK, STM32C011D6Y3TR, STM32C011D6Y6TR, STM32C011F4P3, STM32C011F4P6, STM32C011F4U3, STM32C011F4U6TR, STM32C011F6P3, STM32C011F6P6, STM32C011F6U3, STM32C011F6U6TR, STM32C011J4M3, STM32C011J4M6, STM32C011J6M3, STM32C011J6M6, STM32C0316-DK, STM32C031C4T3, STM32C031C4T6, STM32C031C4U3, STM32C031C4U6, STM32C031C6T3, STM32C031C6T6, STM32C031C6U3, STM32C031C6U6, STM32C031F4P3, STM32C031F4P6, STM32C031F6P3, STM32C031F6P6, STM32C031G4U3, STM32C031G4U6, STM32C031G6U3, STM32C031G6U6, STM32C031K4T3, STM32C031K4T6, STM32C031K4U3, STM32C031K4U6, STM32C031K6T3, STM32C031K6T6, STM32C031K6U3, STM32C031K6U6, STM32G071K8TXN, STM32G071K8UXN, STM32G081GBU6N, STM32G081KBT6N, STM32G081KBUXN, STM32G0B1CCT6N, STM32G0B1KCT6, STM32G0B1NEY6TR, STM32G0B1RCT6N, STM32G0C1CCT6, STM32G0C1CCT6N, STM32G0C1CCU6N, STM32G0C1CET6N, STM32G0C1CEU6N, STM32G0C1KCT6, STM32G0C1NEY6TR, STM32G0C1RCI6N, STM32G0C1RCT6N, STM32G0C1REI6N, STM32G0C1RET6N, STM32G0C1VCI6, STM32G0C1VEI6, STM32G471CCT6, STM32G471CCU6, STM32G471CET3, STM32G471CET6, STM32G471CEU3, STM32G471CEU6, STM32G471MCT6, STM32G471MET3, STM32G471MET6, STM32G471MEY6TR, STM32G471QCT6, STM32G471QET3, STM32G471RCT6, STM32G471RET3, STM32G471RET6, STM32G471VCH6, STM32G471VCI6, STM32G471VCT6, STM32G471VEH3, STM32G471VEH6, STM32G471VEI3, STM32G471VEI6, STM32G471VET3, STM32G471VET6, STM32G474CCT6, STM32L476VGY6PTR, STM32L4R5QGI6STR, STM32MP131AAE3, STM32MP131AAF3, STM32MP131AAG3, STM32MP131CAE3, STM32MP131CAF3, STM32MP131CAG3, STM32MP131DAE7, STM32MP131DAF7, STM32MP131DAG7, STM32MP131FAE7, STM32MP131FAF7, STM32MP131FAG7, STM32MP133AAE3, STM32MP133AAF3, STM32MP133AAG3, STM32MP133CAE3, STM32MP133CAF3, STM32MP133CAG3, STM32MP133DAE7, STM32MP133DAF7, STM32MP133DAG7, STM32MP133FAE7, STM32MP133FAF7, STM32MP133FAG7, STM32MP135AAE3, STM32MP135AAF3, STM32MP135AAG3, STM32MP135CAE3, STM32MP135CAF3, STM32MP135CAG3, STM32MP135DAE7, STM32MP135DAF7, STM32MP135DAG7, STM32MP135F-DK, STM32MP135FAE7, STM32MP135FAF7, STM32MP135FAG7, STM32U595ZJT6Q, STM32U599BJY6QTR, STM32U599NIH6Q, STM32U599NJH6Q, STM32U5A5ZJT6Q, STM32U5A9BJY6QTR, STM32U5A9NJH6Q, STM32WB1MMCH6]
2022-12-26 18:33:02,962 [INFO] BoardInfo:879 - No configuration file found for board P-NUCLEO-WB55
2022-12-26 18:33:02,963 [INFO] DbBoards:156 - Kit is not supported: P-NUCLEO-WB55
2022-12-26 18:33:02,966 [INFO] BoardInfo:879 - No configuration file found for board STEVAL-BFA001V1B
2022-12-26 18:33:02,966 [INFO] DbBoards:156 - Kit is not supported: STEVAL-BFA001V1B
2022-12-26 18:33:02,967 [INFO] BoardInfo:879 - No configuration file found for board STEVAL-BFA001V2B
2022-12-26 18:33:02,967 [INFO] DbBoards:156 - Kit is not supported: STEVAL-BFA001V2B
2022-12-26 18:33:02,970 [INFO] BoardInfo:879 - No configuration file found for board STEVAL-PROTEUS1
2022-12-26 18:33:02,970 [INFO] DbBoards:156 - Board is not supported: STEVAL-PROTEUS1
2022-12-26 18:33:03,063 [INFO] DbBoards:160 - Found 178 boards, 174 are supported
2022-12-26 18:33:03,067 [INFO] ApiDb:418 - Load user favorites file C:\Users\Nelson/.stm32cubeide/favorites.boards.txt: 0 item(s)
2022-12-26 18:33:03,067 [INFO] ApiDb:422 - User favorites Boards=[]
2022-12-26 18:33:03,067 [INFO] DbBoards:189 - Set 0 / 0 favorites Boards
2022-12-26 18:33:09,897 [ERROR] LogOutputStream:74 - [STDERR_REDIRECT] SLF4J: Failed to load class "org.slf4j.impl.StaticLoggerBinder".
2022-12-26 18:33:09,897 [ERROR] LogOutputStream:74 - [STDERR_REDIRECT] SLF4J: Defaulting to no-operation (NOP) logger implementation
2022-12-26 18:33:09,898 [ERROR] LogOutputStream:74 - [STDERR_REDIRECT] SLF4J: See http://www.slf4j.org/codes.html#StaticLoggerBinder for further details.
2022-12-26 18:38:54,533 [INFO] MainUpdater:2768 - connection check result : 10
2022-12-26 18:38:54,533 [INFO] MainUpdater:2768 - connection check result : 10
2022-12-26 18:38:54,602 [INFO] MicroXplorer:451 - Change Database Path : 
2022-12-26 18:38:54,602 [INFO] MicroXplorer:481 - Change Database Version : DB.6.0.60
2022-12-26 18:38:54,602 [WARN] ThirdParty:827 - waiting for thirdparty lock release [close project]
2022-12-26 18:38:54,603 [INFO] ThirdParty:829 - entering critical section [close project]
2022-12-26 18:38:54,603 [INFO] ThirdParty:839 - exiting critical section [close project]
2022-12-26 18:38:54,606 [INFO] PinOutPanel:1468 - setPackage(No Configuration,No Configuration)
2022-12-26 18:38:54,609 [INFO] UtilMem:74 - Begin LoadConfig() Used Memory: 234452184 Bytes (341835776)
2022-12-26 18:38:54,610 [INFO] MicroXplorer:451 - Change Database Path : 
2022-12-26 18:38:54,610 [INFO] MicroXplorer:481 - Change Database Version : DB.6.0.60
2022-12-26 18:38:54,610 [INFO] OpenFileManager:307 - Change cursor
2022-12-26 18:38:54,895 [INFO] Mcu:1922 - Initializing MCU STM32F103C8Tx STM32F103C8Tx 
2022-12-26 18:38:54,895 [INFO] Mcu:1935 - No CPN specified => set CPN to STM32F103C8T6
2022-12-26 18:38:55,854 [INFO] Context:654 - Trying to add GPIOservice into a context  which must be forbidden
2022-12-26 18:38:56,045 [INFO] ImportTextPane:193 - (OptionalMessage_ERROR) Unable to find key (Mcu.ThirdPartyNb) in loaded IOC file
2022-12-26 18:38:56,045 [INFO] ImportTextPane:193 - (OptionalMessage_ERROR) Unable to find key (Mcu.PinsNb) in loaded IOC file
2022-12-26 18:38:56,045 [INFO] ImportTextPane:193 - (OptionalMessage_ERROR) Unable to find key (Mcu.IPNb) in loaded IOC file
2022-12-26 18:38:56,095 [WARN] ApiManager:308 - Cannot register API 'Board Extension:GNSS1A1' from pack STMicroelectronics.X-CUBE-GNSS1.6.0.0: no header file found
2022-12-26 18:38:56,095 [WARN] ApiManager:308 - Cannot register API 'Board Support:Custom' from pack STMicroelectronics.X-CUBE-GNSS1.6.0.0: no header file found
2022-12-26 18:38:56,095 [WARN] ApiManager:308 - Cannot register API 'Data Exchange:lib_gnss' from pack STMicroelectronics.X-CUBE-GNSS1.6.0.0: no header file found
2022-12-26 18:38:56,212 [WARN] ApiManager:308 - Cannot register API 'Board Extension:IKS01A3' from pack STMicroelectronics.X-CUBE-MEMS1.9.4.0: no header file found
2022-12-26 18:38:56,213 [WARN] ApiManager:308 - Cannot register API 'Board Extension:IKS01A2' from pack STMicroelectronics.X-CUBE-MEMS1.9.4.0: no header file found
2022-12-26 18:38:56,213 [WARN] ApiManager:308 - Cannot register API 'Board Extension:IKS02A1' from pack STMicroelectronics.X-CUBE-MEMS1.9.4.0: no header file found
2022-12-26 18:38:56,224 [WARN] ApiManager:308 - Cannot register API 'Wireless:BlueNRG-MS' from pack STMicroelectronics.X-CUBE-BLE1.6.2.3: no header file found
2022-12-26 18:38:56,224 [WARN] ApiManager:308 - Cannot register API 'Wireless:BlueNRG-MS' from pack STMicroelectronics.X-CUBE-BLE1.6.2.4: no header file found
2022-12-26 18:38:56,226 [INFO] RtosManager:488 - Registered RTOS mode: class=CMSIS, group=RTOS, mode=CMSIS_V1, owner=FREERTOS
2022-12-26 18:38:56,226 [INFO] RtosManager:488 - Registered RTOS mode: class=CMSIS, group=RTOS2, mode=CMSIS_V2, owner=FREERTOS
2022-12-26 18:38:56,226 [INFO] RtosManager:488 - Registered RTOS mode: class=RTOS, group=Core, mode=CMSIS_V1, owner=FREERTOS
2022-12-26 18:38:56,226 [INFO] RtosManager:488 - Registered RTOS mode: class=RTOS, group=Core, mode=CMSIS_V2, owner=FREERTOS
2022-12-26 18:38:56,226 [WARN] ModelIntegratedComponent:185 - Missing modes for component STMicroelectronics:FreeRTOS:0.0.1:STMicroelectronics:RTOS:FreeRTOS:Core:::10.2.0:
2022-12-26 18:38:56,228 [WARN] ApiManager:308 - Cannot register API 'Board Extension:S2868A1' from pack STMicroelectronics.X-CUBE-SUBG2.5.0.0: no header file found
2022-12-26 18:38:56,228 [WARN] ApiManager:308 - Cannot register API 'Board Extension:S2868A2' from pack STMicroelectronics.X-CUBE-SUBG2.5.0.0: no header file found
2022-12-26 18:38:56,228 [WARN] ApiManager:308 - Cannot register API 'Board Extension:S2915A1' from pack STMicroelectronics.X-CUBE-SUBG2.5.0.0: no header file found
2022-12-26 18:38:56,232 [WARN] ApiManager:308 - Cannot register API 'Board Extension:NFC04A1' from pack STMicroelectronics.X-CUBE-NFC4.2.0.5: no header file found
2022-12-26 18:38:56,233 [WARN] ApiManager:308 - Cannot register API 'Board Extension:NFC04A1' from pack STMicroelectronics.X-CUBE-NFC4.2.0.4: no header file found
2022-12-26 18:38:56,236 [WARN] ModelIntegratedComponent:64 - No mode defined for component null
2022-12-26 18:38:56,236 [WARN] ModelIntegratedComponent:64 - No mode defined for component null
2022-12-26 18:38:56,236 [WARN] ModelIntegratedComponent:64 - No mode defined for component null
2022-12-26 18:38:56,236 [WARN] ModelIntegratedComponent:64 - No mode defined for component null
2022-12-26 18:38:56,236 [WARN] ModelIntegratedComponent:64 - No mode defined for component null
2022-12-26 18:38:56,236 [WARN] ModelIntegratedComponent:64 - No mode defined for component null
2022-12-26 18:38:56,236 [WARN] ModelIntegratedComponent:64 - No mode defined for component null
2022-12-26 18:38:56,236 [WARN] ModelIntegratedComponent:64 - No mode defined for component null
2022-12-26 18:38:56,236 [WARN] ModelIntegratedComponent:64 - No mode defined for component null
2022-12-26 18:38:56,236 [WARN] ModelIntegratedComponent:64 - No mode defined for component null
2022-12-26 18:38:56,236 [WARN] ModelIntegratedComponent:64 - No mode defined for component null
2022-12-26 18:38:56,236 [WARN] ModelIntegratedComponent:64 - No mode defined for component null
2022-12-26 18:38:56,236 [WARN] ModelIntegratedComponent:64 - No mode defined for component null
2022-12-26 18:38:56,236 [WARN] ModelIntegratedComponent:64 - No mode defined for component null
2022-12-26 18:38:56,236 [WARN] ModelIntegratedComponent:64 - No mode defined for component null
2022-12-26 18:38:56,236 [WARN] ModelIntegratedComponent:64 - No mode defined for component null
2022-12-26 18:38:56,236 [WARN] ModelIntegratedComponent:64 - No mode defined for component null
2022-12-26 18:38:56,236 [WARN] ModelIntegratedComponent:64 - No mode defined for component null
2022-12-26 18:38:56,236 [WARN] ModelIntegratedComponent:64 - No mode defined for component null
2022-12-26 18:38:56,236 [WARN] ModelIntegratedComponent:64 - No mode defined for component null
2022-12-26 18:38:56,236 [WARN] ModelIntegratedComponent:64 - No mode defined for component null
2022-12-26 18:38:56,237 [WARN] ModelIntegratedComponent:64 - No mode defined for component null
2022-12-26 18:38:56,237 [WARN] ModelIntegratedComponent:64 - No mode defined for component null
2022-12-26 18:38:56,237 [WARN] ModelIntegratedComponent:64 - No mode defined for component null
2022-12-26 18:38:56,237 [WARN] ModelIntegratedComponent:64 - No mode defined for component null
2022-12-26 18:38:56,237 [WARN] ModelIntegratedComponent:64 - No mode defined for component null
2022-12-26 18:38:56,237 [WARN] ModelIntegratedComponent:64 - No mode defined for component null
2022-12-26 18:38:56,237 [WARN] ModelIntegratedComponent:64 - No mode defined for component null
2022-12-26 18:38:56,237 [WARN] ModelIntegratedComponent:64 - No mode defined for component null
2022-12-26 18:38:56,237 [WARN] ModelIntegratedComponent:64 - No mode defined for component null
2022-12-26 18:38:56,237 [WARN] ModelIntegratedComponent:64 - No mode defined for component null
2022-12-26 18:38:56,237 [WARN] ModelIntegratedComponent:64 - No mode defined for component null
2022-12-26 18:38:56,237 [WARN] ModelIntegratedComponent:64 - No mode defined for component null
2022-12-26 18:38:56,239 [WARN] ApiManager:308 - Cannot register API 'Board Extension:NFC07A1' from pack STMicroelectronics.X-CUBE-NFC7.1.0.0: no header file found
2022-12-26 18:38:56,281 [WARN] ApiManager:308 - Cannot register API 'Board Extension:IKS01A3' from pack STMicroelectronics.X-CUBE-MEMS1.9.3.0: no header file found
2022-12-26 18:38:56,281 [WARN] ApiManager:308 - Cannot register API 'Board Extension:IKS01A2' from pack STMicroelectronics.X-CUBE-MEMS1.9.3.0: no header file found
2022-12-26 18:38:56,281 [WARN] ApiManager:308 - Cannot register API 'Board Extension:IKS02A1' from pack STMicroelectronics.X-CUBE-MEMS1.9.3.0: no header file found
2022-12-26 18:38:56,287 [WARN] ApiManager:308 - Cannot register API 'Board Extension:EEPRMA1' from pack STMicroelectronics.X-CUBE-EEPRMA1.4.1.0: no header file found
2022-12-26 18:38:56,288 [WARN] ApiManager:308 - Cannot register API 'Board Extension:EEPRMA2' from pack STMicroelectronics.X-CUBE-EEPRMA1.4.1.0: no header file found
2022-12-26 18:38:56,288 [WARN] ApiManager:308 - Cannot register API 'Board Extension:PGEEZ1' from pack STMicroelectronics.X-CUBE-EEPRMA1.4.1.0: no header file found
2022-12-26 18:38:56,288 [WARN] ApiManager:308 - Cannot register API 'Board Part:M24' from pack STMicroelectronics.X-CUBE-EEPRMA1.4.1.0: no header file found
2022-12-26 18:38:56,288 [WARN] ApiManager:308 - Cannot register API 'Board Part:M95' from pack STMicroelectronics.X-CUBE-EEPRMA1.4.1.0: no header file found
2022-12-26 18:38:56,288 [WARN] ApiManager:308 - Cannot register API 'Board Part:M95P32' from pack STMicroelectronics.X-CUBE-EEPRMA1.4.1.0: no header file found
2022-12-26 18:38:56,288 [WARN] ApiManager:308 - Cannot register API 'PGEEZ1:SPI' from pack STMicroelectronics.X-CUBE-EEPRMA1.4.1.0: no header file found
2022-12-26 18:38:56,288 [WARN] ApiManager:308 - Cannot register API 'PGEEZ1:QDSPI' from pack STMicroelectronics.X-CUBE-EEPRMA1.4.1.0: no header file found
2022-12-26 18:38:56,289 [WARN] ApiManager:308 - Cannot register API 'Board Extension:EEPRMA1' from pack STMicroelectronics.X-CUBE-EEPRMA1.3.1.1: no header file found
2022-12-26 18:38:56,289 [WARN] ApiManager:308 - Cannot register API 'Board Extension:EEPRMA2' from pack STMicroelectronics.X-CUBE-EEPRMA1.3.1.1: no header file found
2022-12-26 18:38:56,290 [WARN] ApiManager:308 - Cannot register API 'Board Extension:S2868A1' from pack STMicroelectronics.X-CUBE-SFXS2LP1.4.0.0: no header file found
2022-12-26 18:38:56,290 [WARN] ApiManager:308 - Cannot register API 'Board Extension:S2868A2' from pack STMicroelectronics.X-CUBE-SFXS2LP1.4.0.0: no header file found
2022-12-26 18:38:56,290 [WARN] ApiManager:308 - Cannot register API 'Board Extension:S2915A1' from pack STMicroelectronics.X-CUBE-SFXS2LP1.4.0.0: no header file found
2022-12-26 18:38:56,290 [WARN] ApiManager:308 - Cannot register API 'Wireless:BlueNRG-2' from pack STMicroelectronics.X-CUBE-BLE2.3.3.0: no header file found
2022-12-26 18:38:56,298 [INFO] ThirdPartyModel:289 - Start build external matchings
2022-12-26 18:38:56,664 [INFO] ThirdPartyModel:302 - End build external matchings
2022-12-26 18:38:56,837 [INFO] UtilMem:74 - End LoadConfig() Used Memory: 233838408 Bytes (341835776)
2022-12-26 18:38:56,922 [WARN] ThirdParty:789 - waiting for thirdparty lock release [change project]
2022-12-26 18:38:56,922 [INFO] ThirdParty:791 - entering critical section [change project]
2022-12-26 18:38:56,922 [INFO] ThirdParty:981 - CMSIS Pack Vendor :STMicroelectronics X-CUBE-ISPU 1.1.0
2022-12-26 18:38:56,922 [INFO] ThirdParty:981 - CMSIS Pack Vendor :RoweBots I-CUBE-UNISONRTOS 5.5.0-4
2022-12-26 18:38:56,922 [INFO] ThirdParty:981 - CMSIS Pack Vendor :STMicroelectronics X-CUBE-GNSS1 6.0.0
2022-12-26 18:38:56,922 [INFO] ThirdParty:981 - CMSIS Pack Vendor :STMicroelectronics X-CUBE-AZRTOS-H7 2.1.0
2022-12-26 18:38:56,922 [INFO] ThirdParty:981 - CMSIS Pack Vendor :STMicroelectronics USB_HOST 2.0.0
2022-12-26 18:38:56,922 [INFO] ThirdParty:981 - CMSIS Pack Vendor :STMicroelectronics X-CUBE-AZRTOS-F4 1.1.0
2022-12-26 18:38:56,922 [INFO] ThirdParty:981 - CMSIS Pack Vendor :STMicroelectronics LIBJPEG 8.0.0
2022-12-26 18:38:56,922 [INFO] ThirdParty:981 - CMSIS Pack Vendor :STMicroelectronics USB_DEVICE 3.0.0
2022-12-26 18:38:56,923 [INFO] ThirdParty:981 - CMSIS Pack Vendor :STMicroelectronics X-CUBE-TOUCHGFX 4.21.0
2022-12-26 18:38:56,923 [INFO] ThirdParty:981 - CMSIS Pack Vendor :STMicroelectronics X-CUBE-BLEMGR 1.2.0
2022-12-26 18:38:56,923 [INFO] ThirdParty:981 - CMSIS Pack Vendor :STMicroelectronics X-CUBE-AZRTOS-F7 1.1.0
2022-12-26 18:38:56,923 [INFO] ThirdParty:981 - CMSIS Pack Vendor :STMicroelectronics X-CUBE-MEMS1 9.4.0
2022-12-26 18:38:56,923 [INFO] ThirdParty:981 - CMSIS Pack Vendor :STMicroelectronics USB_DEVICE 2.0.0
2022-12-26 18:38:56,923 [INFO] ThirdParty:981 - CMSIS Pack Vendor :STMicroelectronics X-CUBE-AI 7.3.0
2022-12-26 18:38:56,923 [INFO] ThirdParty:981 - CMSIS Pack Vendor :STMicroelectronics X-CUBE-BLE1 6.2.3
2022-12-26 18:38:56,923 [INFO] ThirdParty:981 - CMSIS Pack Vendor :STMicroelectronics X-CUBE-ALGOBUILD 1.3.0
2022-12-26 18:38:56,923 [INFO] ThirdParty:981 - CMSIS Pack Vendor :STMicroelectronics X-CUBE-BLE1 6.2.4
2022-12-26 18:38:56,923 [INFO] ThirdParty:981 - CMSIS Pack Vendor :STMicroelectronics X-CUBE-AZRTOS-L5 1.1.0
2022-12-26 18:38:56,923 [INFO] ThirdParty:981 - CMSIS Pack Vendor :STMicroelectronics FreeRTOS 0.0.1
2022-12-26 18:38:56,923 [INFO] ThirdParty:981 - CMSIS Pack Vendor :STMicroelectronics X-CUBE-AZRTOS-G0 1.1.0
2022-12-26 18:38:56,923 [INFO] ThirdParty:981 - CMSIS Pack Vendor :STMicroelectronics X-CUBE-SUBG2 5.0.0
2022-12-26 18:38:56,923 [INFO] ThirdParty:981 - CMSIS Pack Vendor :STMicroelectronics STM32_WPAN 1.0.0
2022-12-26 18:38:56,923 [INFO] ThirdParty:981 - CMSIS Pack Vendor :SEGGER I-CUBE-embOS 1.2.1
2022-12-26 18:38:56,923 [INFO] ThirdParty:981 - CMSIS Pack Vendor :STMicroelectronics lwIP 2.0.3
2022-12-26 18:38:56,923 [INFO] ThirdParty:981 - CMSIS Pack Vendor :STMicroelectronics X-CUBE-NFC4 2.0.5
2022-12-26 18:38:56,923 [INFO] ThirdParty:981 - CMSIS Pack Vendor :STMicroelectronics X-CUBE-NFC4 2.0.4
2022-12-26 18:38:56,923 [INFO] ThirdParty:981 - CMSIS Pack Vendor :STMicroelectronics USB_HOST 1.0.0
2022-12-26 18:38:56,923 [INFO] ThirdParty:981 - CMSIS Pack Vendor :STMicroelectronics PDM2PCM 3.1.0
2022-12-26 18:38:56,923 [INFO] ThirdParty:981 - CMSIS Pack Vendor :STMicroelectronics FP-ATR-ASTRA1 1.1.1
2022-12-26 18:38:56,923 [INFO] ThirdParty:981 - CMSIS Pack Vendor :STMicroelectronics PDM2PCM 3.3.0
2022-12-26 18:38:56,923 [INFO] ThirdParty:981 - CMSIS Pack Vendor :STMicroelectronics X-CUBE-BLEMGR 1.3.0
2022-12-26 18:38:56,923 [INFO] ThirdParty:981 - CMSIS Pack Vendor :STMicroelectronics X-CUBE-AZRTOS-G4 1.0.0
2022-12-26 18:38:56,923 [INFO] ThirdParty:981 - CMSIS Pack Vendor :STMicroelectronics FP-ATR-SIGFOX1 3.2.0
2022-12-26 18:38:56,923 [INFO] ThirdParty:981 - CMSIS Pack Vendor :STMicroelectronics X-CUBE-AZRTOS-L4 1.0.0
2022-12-26 18:38:56,923 [INFO] ThirdParty:981 - CMSIS Pack Vendor :wolfSSL I-CUBE-wolfSSL 5.5.1
2022-12-26 18:38:56,923 [INFO] ThirdParty:981 - CMSIS Pack Vendor :STMicroelectronics HAL Drivers 0.0.0
2022-12-26 18:38:56,923 [INFO] ThirdParty:981 - CMSIS Pack Vendor :STMicroelectronics MBEDTLS 2.16.2
2022-12-26 18:38:56,923 [INFO] ThirdParty:981 - CMSIS Pack Vendor :emotas I-CUBE-CANOPEN 1.1.2
2022-12-26 18:38:56,923 [INFO] ThirdParty:981 - CMSIS Pack Vendor :STMicroelectronics X-CUBE-TOUCHGFX 4.20.0
2022-12-26 18:38:56,923 [INFO] ThirdParty:981 - CMSIS Pack Vendor :STMicroelectronics MBEDTLS 2.14.1
2022-12-26 18:38:56,923 [INFO] ThirdParty:981 - CMSIS Pack Vendor :STMicroelectronics X-CUBE-NFC7 1.0.0
2022-12-26 18:38:56,923 [INFO] ThirdParty:981 - CMSIS Pack Vendor :STMicroelectronics X-CUBE-AZRTOS-WL 1.0.0
2022-12-26 18:38:56,923 [INFO] ThirdParty:981 - CMSIS Pack Vendor :STMicroelectronics X-CUBE-MEMS1 9.3.0
2022-12-26 18:38:56,923 [INFO] ThirdParty:981 - CMSIS Pack Vendor :STMicroelectronics X-CUBE-EEPRMA1 4.1.0
2022-12-26 18:38:56,923 [INFO] ThirdParty:981 - CMSIS Pack Vendor :portGmbH I-Cube-SoM-uGOAL 1.1.0
2022-12-26 18:38:56,923 [INFO] ThirdParty:981 - CMSIS Pack Vendor :STMicroelectronics X-CUBE-ALS 1.0.1
2022-12-26 18:38:56,923 [INFO] ThirdParty:981 - CMSIS Pack Vendor :STMicroelectronics X-CUBE-AI 7.2.0
2022-12-26 18:38:56,923 [INFO] ThirdParty:981 - CMSIS Pack Vendor :STMicroelectronics ThreadX 1.0.0
2022-12-26 18:38:56,924 [INFO] ThirdParty:981 - CMSIS Pack Vendor :STMicroelectronics X-CUBE-AZRTOS-WB 1.1.0
2022-12-26 18:38:56,924 [INFO] ThirdParty:981 - CMSIS Pack Vendor :STMicroelectronics X-CUBE-AZRTOS-L5 1.0.0
2022-12-26 18:38:56,924 [INFO] ThirdParty:981 - CMSIS Pack Vendor :STMicroelectronics USB_DEVICE 1.0.0
2022-12-26 18:38:56,924 [INFO] ThirdParty:981 - CMSIS Pack Vendor :STMicroelectronics X-CUBE-EEPRMA1 3.1.1
2022-12-26 18:38:56,924 [INFO] ThirdParty:981 - CMSIS Pack Vendor :STMicroelectronics ThreadX 0.0.2
2022-12-26 18:38:56,924 [INFO] ThirdParty:981 - CMSIS Pack Vendor :STMicroelectronics lwIP 2.1.2
2022-12-26 18:38:56,924 [INFO] ThirdParty:981 - CMSIS Pack Vendor :STMicroelectronics X-CUBE-SFXS2LP1 4.0.0
2022-12-26 18:38:56,924 [INFO] ThirdParty:981 - CMSIS Pack Vendor :STMicroelectronics X-CUBE-BLE2 3.3.0
2022-12-26 18:38:56,924 [INFO] ThirdParty:981 - CMSIS Pack Vendor :STMicroelectronics X-CUBE-DISPLAY 2.2.0
2022-12-26 18:38:56,924 [INFO] ThirdParty:981 - CMSIS Pack Vendor :STMicroelectronics X-CUBE-TOF1 3.2.0
2022-12-26 18:38:56,924 [INFO] ThirdParty:981 - CMSIS Pack Vendor :STMicroelectronics PDM2PCM 3.2.0
2022-12-26 18:38:56,924 [INFO] ThirdParty:981 - CMSIS Pack Vendor :STMicroelectronics X-CUBE-AZRTOS-H7 3.0.0
2022-12-26 18:38:56,924 [INFO] ThirdParty:981 - CMSIS Pack Vendor :STMicroelectronics X-CUBE-ISPU 1.0.0
2022-12-26 18:38:56,924 [INFO] ThirdParty:797 - exiting critical section [change project]
2022-12-26 18:38:57,117 [INFO] PinOutPanel:1468 - setPackage(No Configuration,No Configuration)
2022-12-26 18:38:57,118 [INFO] PinOutPanel:1468 - setPackage(STM32F103C8Tx,LQFP48)
2022-12-26 18:38:57,522 [INFO] UtilMem:74 - Before build in PCC Used Memory: 241266048 Bytes (341835776)
2022-12-26 18:38:58,394 [INFO] UtilMem:74 - After build in PCC Used Memory: 272894720 Bytes (341835776)
2022-12-26 18:38:58,407 [INFO] IPUIPlugin:79 - create IPUIPlugin
2022-12-26 18:38:58,408 [INFO] IPUIPlugin:79 - create IPUIPlugin
2022-12-26 18:38:58,408 [INFO] IPUIPlugin:79 - create IPUIPlugin
2022-12-26 18:38:58,408 [INFO] IPUIPlugin:79 - create IPUIPlugin
2022-12-26 18:38:58,408 [INFO] IPUIPlugin:79 - create IPUIPlugin
2022-12-26 18:38:58,408 [INFO] IPUIPlugin:79 - create IPUIPlugin
2022-12-26 18:38:58,408 [INFO] IPUIPlugin:79 - create IPUIPlugin
2022-12-26 18:38:58,408 [INFO] IPUIPlugin:79 - create IPUIPlugin
2022-12-26 18:38:58,408 [INFO] IPUIPlugin:79 - create IPUIPlugin
2022-12-26 18:38:58,408 [INFO] IPUIPlugin:79 - create IPUIPlugin
2022-12-26 18:38:58,408 [INFO] IPUIPlugin:79 - create IPUIPlugin
2022-12-26 18:38:58,408 [INFO] IPUIPlugin:79 - create IPUIPlugin
2022-12-26 18:38:58,408 [INFO] IPUIPlugin:79 - create IPUIPlugin
2022-12-26 18:38:58,409 [INFO] IPUIPlugin:79 - create IPUIPlugin
2022-12-26 18:38:58,409 [INFO] IPUIPlugin:79 - create IPUIPlugin
2022-12-26 18:38:58,409 [INFO] IPUIPlugin:79 - create IPUIPlugin
2022-12-26 18:38:58,409 [INFO] IPUIPlugin:79 - create IPUIPlugin
2022-12-26 18:38:58,409 [INFO] IPUIPlugin:79 - create IPUIPlugin
2022-12-26 18:38:58,409 [INFO] IPUIPlugin:79 - create IPUIPlugin
2022-12-26 18:38:58,409 [INFO] IPUIPlugin:79 - create IPUIPlugin
2022-12-26 18:38:58,410 [INFO] IPUIPlugin:79 - create IPUIPlugin
2022-12-26 18:38:58,410 [INFO] IPUIPlugin:79 - create IPUIPlugin
2022-12-26 18:38:58,410 [INFO] IPUIPlugin:79 - create IPUIPlugin
2022-12-26 18:38:58,410 [INFO] IPUIPlugin:79 - create IPUIPlugin
2022-12-26 18:38:58,410 [INFO] IPUIPlugin:79 - create IPUIPlugin
2022-12-26 18:38:58,411 [INFO] IPUIPlugin:79 - create IPUIPlugin
2022-12-26 18:38:58,411 [INFO] IPUIPlugin:79 - create IPUIPlugin
2022-12-26 18:38:58,727 [INFO] OpenFileManager:327 - Restore cursor
2022-12-26 18:39:07,079 [INFO] UtilMem:74 - End SaveConfig() Used Memory: 262251024 Bytes (341835776)
2022-12-26 18:39:07,103 [INFO] UtilMem:74 - End SaveConfig() Used Memory: 272285624 Bytes (341835776)
2022-12-26 18:39:07,458 [INFO] BlockDiagram:2753 - set Specific Code input for plugin: NVIC
2022-12-26 18:39:07,458 [INFO] BlockDiagram:2753 - set Specific Code input for plugin: RCC
2022-12-26 18:39:07,459 [INFO] CodeGenerator:690 - code generatio: config db path: C:\ST\STM32CubeIDE_1.10.1\STM32CubeIDE\plugins\com.st.stm32cube.common.mx_6.6.1.202207061420\\db\
2022-12-26 18:39:07,874 [INFO] CodeEngine:245 - oldGeneratedFile, C:\Develop\USBTools\ARMWorkspace\USBToolARM\MXTmpFiles\license.tmp_save
2022-12-26 18:39:08,311 [INFO] CodeEngine:269 - Generated code: C:\Develop\USBTools\ARMWorkspace\USBToolARM\MXTmpFiles\license.tmp
2022-12-26 18:39:08,336 [INFO] CodeEngine:245 - oldGeneratedFile, C:\Develop\USBTools\ARMWorkspace\USBToolARM\Core\Src\stm32f1xx_it.c_save
2022-12-26 18:39:08,449 [INFO] CodeEngine:269 - Generated code: C:\Develop\USBTools\ARMWorkspace\USBToolARM\Core\Src\stm32f1xx_it.c
2022-12-26 18:39:08,467 [INFO] CodeEngine:245 - oldGeneratedFile, C:\Develop\USBTools\ARMWorkspace\USBToolARM\Core\Inc\stm32f1xx_it.h_save
2022-12-26 18:39:08,542 [INFO] CodeEngine:269 - Generated code: C:\Develop\USBTools\ARMWorkspace\USBToolARM\Core\Inc\stm32f1xx_it.h
2022-12-26 18:39:08,772 [INFO] CodeEngine:245 - oldGeneratedFile, C:\Develop\USBTools\ARMWorkspace\USBToolARM\Core\Src\stm32f1xx_hal_msp.c_save
2022-12-26 18:39:08,896 [INFO] CodeEngine:269 - Generated code: C:\Develop\USBTools\ARMWorkspace\USBToolARM\Core\Src\stm32f1xx_hal_msp.c
2022-12-26 18:39:08,931 [INFO] CodeEngine:245 - oldGeneratedFile, C:\Develop\USBTools\ARMWorkspace\USBToolARM\MXTmpFiles\system.tmp_save
2022-12-26 18:39:09,024 [INFO] CodeEngine:269 - Generated code: C:\Develop\USBTools\ARMWorkspace\USBToolARM\MXTmpFiles\system.tmp
2022-12-26 18:39:09,059 [INFO] CodeEngine:245 - oldGeneratedFile, C:\Develop\USBTools\ARMWorkspace\USBToolARM\Core\Inc\stm32f1xx_hal_conf.h_save
2022-12-26 18:39:09,125 [INFO] CodeEngine:269 - Generated code: C:\Develop\USBTools\ARMWorkspace\USBToolARM\Core\Inc\stm32f1xx_hal_conf.h
2022-12-26 18:39:09,188 [INFO] CodeEngine:245 - oldGeneratedFile, C:\Develop\USBTools\ARMWorkspace\USBToolARM\Core\Inc\main.h_save
2022-12-26 18:39:09,256 [INFO] CodeEngine:269 - Generated code: C:\Develop\USBTools\ARMWorkspace\USBToolARM\Core\Inc\main.h
2022-12-26 18:39:09,281 [INFO] CodeEngine:245 - oldGeneratedFile, C:\Develop\USBTools\ARMWorkspace\USBToolARM\Core\Src\main.c_save
2022-12-26 18:39:09,387 [INFO] CodeEngine:269 - Generated code: C:\Develop\USBTools\ARMWorkspace\USBToolARM\Core\Src\main.c
2022-12-26 18:39:11,207 [INFO] ProjectBuilder:2919 - Time for Copy HAL[1] : 1288mS.
2022-12-26 18:39:11,217 [INFO] ProjectBuilder:4117 - Project Generator version: 3.17.1
2022-12-26 18:39:11,477 [INFO] ConfigFileManager:1394 - The Die is : DIE410
2022-12-26 18:39:11,549 [INFO] ApiDbMcu:505 - Load IP Config File for FATFS
2022-12-26 18:39:11,570 [INFO] ApiDbMcu:505 - Load IP Config File for FREERTOS
2022-12-26 18:39:11,636 [INFO] ApiDbMcu:505 - Load IP Config File for USB_DEVICE
2022-12-26 18:39:19,906 [INFO] ProjectBuilder:4285 - Time for Generating toolchain IDE Files: 8689mS.
2022-12-26 18:39:19,907 [INFO] ProjectBuilder:2790 - Time for Copy CMSIS : 1mS.
2022-12-26 18:39:19,908 [INFO] ProjectBuilder:2790 - Time for Copy CMSIS : 0mS.
2022-12-26 18:39:20,408 [INFO] McuFinderGlobals:57 - Set McuFinderConnectedMode to true
2022-12-26 18:39:20,409 [INFO] ApiDb:443 - Save user favorites file C:\Users\Nelson/.stm32cubeide/favorites.mcus.txt: 0 item(s)
2022-12-26 18:39:20,409 [INFO] ApiDb:447 - User favorites MCUs=[]
2022-12-26 18:46:29,867 [INFO] UtilMem:74 - End SaveConfig() Used Memory: 248904592 Bytes (565182464)
2022-12-26 18:46:31,260 [INFO] UtilMem:74 - End SaveConfig() Used Memory: 263483648 Bytes (565182464)
2022-12-26 18:46:33,480 [INFO] UtilMem:74 - End SaveConfig() Used Memory: 353859712 Bytes (565182464)
2022-12-26 18:46:33,764 [INFO] BlockDiagram:2753 - set Specific Code input for plugin: NVIC
2022-12-26 18:46:33,764 [INFO] BlockDiagram:2753 - set Specific Code input for plugin: GPIO
2022-12-26 18:46:33,764 [INFO] BlockDiagram:2753 - set Specific Code input for plugin: RCC
2022-12-26 18:46:33,765 [INFO] CodeGenerator:690 - code generatio: config db path: C:\ST\STM32CubeIDE_1.10.1\STM32CubeIDE\plugins\com.st.stm32cube.common.mx_6.6.1.202207061420\\db\
2022-12-26 18:46:33,852 [INFO] CodeEngine:245 - oldGeneratedFile, C:\Develop\USBTools\ARMWorkspace\USBToolARM\MXTmpFiles\license.tmp_save
2022-12-26 18:46:33,920 [INFO] CodeEngine:269 - Generated code: C:\Develop\USBTools\ARMWorkspace\USBToolARM\MXTmpFiles\license.tmp
2022-12-26 18:46:34,008 [INFO] CodeEngine:245 - oldGeneratedFile, C:\Develop\USBTools\ARMWorkspace\USBToolARM\MXTmpFiles\gpio.tmp_save
2022-12-26 18:46:34,059 [INFO] CodeEngine:269 - Generated code: C:\Develop\USBTools\ARMWorkspace\USBToolARM\MXTmpFiles\gpio.tmp
2022-12-26 18:46:34,068 [INFO] CodeEngine:245 - oldGeneratedFile, C:\Develop\USBTools\ARMWorkspace\USBToolARM\Core\Src\stm32f1xx_it.c_save
2022-12-26 18:46:34,125 [INFO] CodeEngine:269 - Generated code: C:\Develop\USBTools\ARMWorkspace\USBToolARM\Core\Src\stm32f1xx_it.c
2022-12-26 18:46:34,129 [INFO] CodeEngine:245 - oldGeneratedFile, C:\Develop\USBTools\ARMWorkspace\USBToolARM\Core\Inc\stm32f1xx_it.h_save
2022-12-26 18:46:34,171 [INFO] CodeEngine:269 - Generated code: C:\Develop\USBTools\ARMWorkspace\USBToolARM\Core\Inc\stm32f1xx_it.h
2022-12-26 18:46:34,182 [INFO] CodeEngine:245 - oldGeneratedFile, C:\Develop\USBTools\ARMWorkspace\USBToolARM\Core\Src\stm32f1xx_hal_msp.c_save
2022-12-26 18:46:34,241 [INFO] CodeEngine:269 - Generated code: C:\Develop\USBTools\ARMWorkspace\USBToolARM\Core\Src\stm32f1xx_hal_msp.c
2022-12-26 18:46:34,243 [INFO] CodeEngine:245 - oldGeneratedFile, C:\Develop\USBTools\ARMWorkspace\USBToolARM\MXTmpFiles\system.tmp_save
2022-12-26 18:46:34,282 [INFO] CodeEngine:269 - Generated code: C:\Develop\USBTools\ARMWorkspace\USBToolARM\MXTmpFiles\system.tmp
2022-12-26 18:46:34,290 [INFO] CodeEngine:245 - oldGeneratedFile, C:\Develop\USBTools\ARMWorkspace\USBToolARM\Core\Inc\stm32f1xx_hal_conf.h_save
2022-12-26 18:46:34,349 [INFO] CodeEngine:269 - Generated code: C:\Develop\USBTools\ARMWorkspace\USBToolARM\Core\Inc\stm32f1xx_hal_conf.h
2022-12-26 18:46:34,370 [INFO] CodeEngine:245 - oldGeneratedFile, C:\Develop\USBTools\ARMWorkspace\USBToolARM\Core\Inc\main.h_save
2022-12-26 18:46:34,418 [INFO] CodeEngine:269 - Generated code: C:\Develop\USBTools\ARMWorkspace\USBToolARM\Core\Inc\main.h
2022-12-26 18:46:34,425 [INFO] CodeEngine:245 - oldGeneratedFile, C:\Develop\USBTools\ARMWorkspace\USBToolARM\Core\Src\main.c_save
2022-12-26 18:46:34,531 [INFO] CodeEngine:269 - Generated code: C:\Develop\USBTools\ARMWorkspace\USBToolARM\Core\Src\main.c
2022-12-26 18:46:34,945 [INFO] ProjectBuilder:2919 - Time for Copy HAL[1] : 128mS.
2022-12-26 18:46:34,947 [INFO] ProjectBuilder:4117 - Project Generator version: 3.17.1
2022-12-26 18:46:35,198 [INFO] ConfigFileManager:1394 - The Die is : DIE410
2022-12-26 18:46:36,660 [INFO] ProjectBuilder:4285 - Time for Generating toolchain IDE Files: 1713mS.
2022-12-26 18:46:36,660 [INFO] ProjectBuilder:2790 - Time for Copy CMSIS : 0mS.
2022-12-26 18:46:36,661 [INFO] ProjectBuilder:2790 - Time for Copy CMSIS : 0mS.
2022-12-26 19:01:43,319 [INFO] UtilMem:74 - End SaveConfig() Used Memory: 410737328 Bytes (653262848)
2022-12-26 19:01:44,472 [INFO] UtilMem:74 - End SaveConfig() Used Memory: 422763976 Bytes (653262848)
2022-12-26 19:01:45,443 [INFO] UtilMem:74 - End SaveConfig() Used Memory: 447784112 Bytes (653262848)
2022-12-26 19:01:45,552 [INFO] BlockDiagram:2753 - set Specific Code input for plugin: NVIC
2022-12-26 19:01:45,552 [INFO] BlockDiagram:2753 - set Specific Code input for plugin: GPIO
2022-12-26 19:01:45,552 [INFO] BlockDiagram:2753 - set Specific Code input for plugin: RCC
2022-12-26 19:01:45,553 [INFO] CodeGenerator:690 - code generatio: config db path: C:\ST\STM32CubeIDE_1.10.1\STM32CubeIDE\plugins\com.st.stm32cube.common.mx_6.6.1.202207061420\\db\
2022-12-26 19:01:45,690 [INFO] CodeEngine:245 - oldGeneratedFile, C:\Develop\USBTools\ARMWorkspace\USBToolARM\MXTmpFiles\license.tmp_save
2022-12-26 19:01:45,781 [INFO] CodeEngine:269 - Generated code: C:\Develop\USBTools\ARMWorkspace\USBToolARM\MXTmpFiles\license.tmp
2022-12-26 19:01:45,787 [INFO] CodeEngine:245 - oldGeneratedFile, C:\Develop\USBTools\ARMWorkspace\USBToolARM\MXTmpFiles\gpio.tmp_save
2022-12-26 19:01:45,837 [INFO] CodeEngine:269 - Generated code: C:\Develop\USBTools\ARMWorkspace\USBToolARM\MXTmpFiles\gpio.tmp
2022-12-26 19:01:45,846 [INFO] CodeEngine:245 - oldGeneratedFile, C:\Develop\USBTools\ARMWorkspace\USBToolARM\Core\Src\stm32f1xx_it.c_save
2022-12-26 19:01:45,908 [INFO] CodeEngine:269 - Generated code: C:\Develop\USBTools\ARMWorkspace\USBToolARM\Core\Src\stm32f1xx_it.c
2022-12-26 19:01:45,912 [INFO] CodeEngine:245 - oldGeneratedFile, C:\Develop\USBTools\ARMWorkspace\USBToolARM\Core\Inc\stm32f1xx_it.h_save
2022-12-26 19:01:45,953 [INFO] CodeEngine:269 - Generated code: C:\Develop\USBTools\ARMWorkspace\USBToolARM\Core\Inc\stm32f1xx_it.h
2022-12-26 19:01:45,964 [INFO] CodeEngine:245 - oldGeneratedFile, C:\Develop\USBTools\ARMWorkspace\USBToolARM\Core\Src\stm32f1xx_hal_msp.c_save
2022-12-26 19:01:46,017 [INFO] CodeEngine:269 - Generated code: C:\Develop\USBTools\ARMWorkspace\USBToolARM\Core\Src\stm32f1xx_hal_msp.c
2022-12-26 19:01:46,020 [INFO] CodeEngine:245 - oldGeneratedFile, C:\Develop\USBTools\ARMWorkspace\USBToolARM\MXTmpFiles\system.tmp_save
2022-12-26 19:01:46,059 [INFO] CodeEngine:269 - Generated code: C:\Develop\USBTools\ARMWorkspace\USBToolARM\MXTmpFiles\system.tmp
2022-12-26 19:01:46,068 [INFO] CodeEngine:245 - oldGeneratedFile, C:\Develop\USBTools\ARMWorkspace\USBToolARM\Core\Inc\stm32f1xx_hal_conf.h_save
2022-12-26 19:01:46,125 [INFO] CodeEngine:269 - Generated code: C:\Develop\USBTools\ARMWorkspace\USBToolARM\Core\Inc\stm32f1xx_hal_conf.h
2022-12-26 19:01:46,141 [INFO] CodeEngine:245 - oldGeneratedFile, C:\Develop\USBTools\ARMWorkspace\USBToolARM\Core\Inc\main.h_save
2022-12-26 19:01:46,189 [INFO] CodeEngine:269 - Generated code: C:\Develop\USBTools\ARMWorkspace\USBToolARM\Core\Inc\main.h
2022-12-26 19:01:46,196 [INFO] CodeEngine:245 - oldGeneratedFile, C:\Develop\USBTools\ARMWorkspace\USBToolARM\Core\Src\main.c_save
2022-12-26 19:01:46,264 [INFO] CodeEngine:269 - Generated code: C:\Develop\USBTools\ARMWorkspace\USBToolARM\Core\Src\main.c
2022-12-26 19:01:46,763 [INFO] ProjectBuilder:2919 - Time for Copy HAL[1] : 168mS.
2022-12-26 19:01:46,765 [INFO] ProjectBuilder:4117 - Project Generator version: 3.17.1
2022-12-26 19:01:46,904 [INFO] ConfigFileManager:1394 - The Die is : DIE410
2022-12-26 19:01:47,614 [INFO] ProjectBuilder:4285 - Time for Generating toolchain IDE Files: 849mS.
2022-12-26 19:01:47,615 [INFO] ProjectBuilder:2790 - Time for Copy CMSIS : 0mS.
2022-12-26 19:01:47,617 [INFO] ProjectBuilder:2790 - Time for Copy CMSIS : 0mS.
2022-12-26 19:02:30,012 [INFO] UtilMem:74 - End SaveConfig() Used Memory: 255509488 Bytes (696254464)
2022-12-26 19:02:31,326 [INFO] UtilMem:74 - End SaveConfig() Used Memory: 269462376 Bytes (696254464)
2022-12-26 19:02:32,414 [INFO] UtilMem:74 - End SaveConfig() Used Memory: 295296280 Bytes (696254464)
2022-12-26 19:02:32,523 [INFO] BlockDiagram:2753 - set Specific Code input for plugin: NVIC
2022-12-26 19:02:32,523 [INFO] BlockDiagram:2753 - set Specific Code input for plugin: USB
2022-12-26 19:02:32,523 [INFO] BlockDiagram:2753 - set Specific Code input for plugin: GPIO
2022-12-26 19:02:32,523 [INFO] BlockDiagram:2753 - set Specific Code input for plugin: RCC
2022-12-26 19:02:32,524 [INFO] CodeGenerator:690 - code generatio: config db path: C:\ST\STM32CubeIDE_1.10.1\STM32CubeIDE\plugins\com.st.stm32cube.common.mx_6.6.1.202207061420\\db\
2022-12-26 19:02:32,609 [INFO] CodeEngine:245 - oldGeneratedFile, C:\Develop\USBTools\ARMWorkspace\USBToolARM\MXTmpFiles\license.tmp_save
2022-12-26 19:02:32,659 [INFO] CodeEngine:269 - Generated code: C:\Develop\USBTools\ARMWorkspace\USBToolARM\MXTmpFiles\license.tmp
2022-12-26 19:02:32,665 [INFO] CodeEngine:245 - oldGeneratedFile, C:\Develop\USBTools\ARMWorkspace\USBToolARM\MXTmpFiles\gpio.tmp_save
2022-12-26 19:02:32,724 [INFO] CodeEngine:269 - Generated code: C:\Develop\USBTools\ARMWorkspace\USBToolARM\MXTmpFiles\gpio.tmp
2022-12-26 19:02:32,836 [INFO] CodeEngine:245 - oldGeneratedFile, C:\Develop\USBTools\ARMWorkspace\USBToolARM\Core\Src\stm32f1xx_it.c_save
2022-12-26 19:02:32,884 [INFO] CodeEngine:269 - Generated code: C:\Develop\USBTools\ARMWorkspace\USBToolARM\Core\Src\stm32f1xx_it.c
2022-12-26 19:02:32,887 [INFO] CodeEngine:245 - oldGeneratedFile, C:\Develop\USBTools\ARMWorkspace\USBToolARM\Core\Inc\stm32f1xx_it.h_save
2022-12-26 19:02:32,929 [INFO] CodeEngine:269 - Generated code: C:\Develop\USBTools\ARMWorkspace\USBToolARM\Core\Inc\stm32f1xx_it.h
2022-12-26 19:02:32,940 [INFO] CodeEngine:245 - oldGeneratedFile, C:\Develop\USBTools\ARMWorkspace\USBToolARM\Core\Src\stm32f1xx_hal_msp.c_save
2022-12-26 19:02:33,007 [INFO] CodeEngine:269 - Generated code: C:\Develop\USBTools\ARMWorkspace\USBToolARM\Core\Src\stm32f1xx_hal_msp.c
2022-12-26 19:02:33,010 [INFO] CodeEngine:245 - oldGeneratedFile, C:\Develop\USBTools\ARMWorkspace\USBToolARM\MXTmpFiles\system.tmp_save
2022-12-26 19:02:33,066 [INFO] CodeEngine:269 - Generated code: C:\Develop\USBTools\ARMWorkspace\USBToolARM\MXTmpFiles\system.tmp
2022-12-26 19:02:33,074 [INFO] CodeEngine:245 - oldGeneratedFile, C:\Develop\USBTools\ARMWorkspace\USBToolARM\Core\Inc\stm32f1xx_hal_conf.h_save
2022-12-26 19:02:33,146 [INFO] CodeEngine:269 - Generated code: C:\Develop\USBTools\ARMWorkspace\USBToolARM\Core\Inc\stm32f1xx_hal_conf.h
2022-12-26 19:02:33,165 [INFO] CodeEngine:245 - oldGeneratedFile, C:\Develop\USBTools\ARMWorkspace\USBToolARM\Core\Inc\main.h_save
2022-12-26 19:02:33,213 [INFO] CodeEngine:269 - Generated code: C:\Develop\USBTools\ARMWorkspace\USBToolARM\Core\Inc\main.h
2022-12-26 19:02:33,220 [INFO] CodeEngine:245 - oldGeneratedFile, C:\Develop\USBTools\ARMWorkspace\USBToolARM\Core\Src\main.c_save
2022-12-26 19:02:33,290 [INFO] CodeEngine:269 - Generated code: C:\Develop\USBTools\ARMWorkspace\USBToolARM\Core\Src\main.c
2022-12-26 19:02:33,800 [INFO] ProjectBuilder:2919 - Time for Copy HAL[1] : 232mS.
2022-12-26 19:02:33,802 [INFO] ProjectBuilder:4117 - Project Generator version: 3.17.1
2022-12-26 19:02:34,020 [INFO] ConfigFileManager:1394 - The Die is : DIE410
2022-12-26 19:02:34,669 [INFO] ProjectBuilder:4285 - Time for Generating toolchain IDE Files: 867mS.
2022-12-26 19:02:34,670 [INFO] ProjectBuilder:2790 - Time for Copy CMSIS : 0mS.
2022-12-26 19:02:34,671 [INFO] ProjectBuilder:2790 - Time for Copy CMSIS : 0mS.
2022-12-26 19:04:40,324 [INFO] UtilMem:74 - End SaveConfig() Used Memory: 279476800 Bytes (696254464)
2022-12-26 19:04:41,673 [INFO] UtilMem:74 - End SaveConfig() Used Memory: 293683456 Bytes (696254464)
2022-12-26 19:04:42,699 [INFO] UtilMem:74 - End SaveConfig() Used Memory: 319218976 Bytes (696254464)
2022-12-26 19:04:42,810 [INFO] BlockDiagram:2753 - set Specific Code input for plugin: NVIC
2022-12-26 19:04:42,810 [INFO] BlockDiagram:2753 - set Specific Code input for plugin: USB_DEVICE
2022-12-26 19:04:42,810 [INFO] BlockDiagram:2753 - set Specific Code input for plugin: USB
2022-12-26 19:04:42,810 [INFO] BlockDiagram:2753 - set Specific Code input for plugin: GPIO
2022-12-26 19:04:42,810 [INFO] BlockDiagram:2753 - set Specific Code input for plugin: RCC
2022-12-26 19:04:42,811 [INFO] CodeGenerator:690 - code generatio: config db path: C:\ST\STM32CubeIDE_1.10.1\STM32CubeIDE\plugins\com.st.stm32cube.common.mx_6.6.1.202207061420\\db\
2022-12-26 19:04:42,909 [INFO] CodeEngine:245 - oldGeneratedFile, C:\Develop\USBTools\ARMWorkspace\USBToolARM\MXTmpFiles\license.tmp_save
2022-12-26 19:04:42,960 [INFO] CodeEngine:269 - Generated code: C:\Develop\USBTools\ARMWorkspace\USBToolARM\MXTmpFiles\license.tmp
2022-12-26 19:04:42,966 [INFO] CodeEngine:245 - oldGeneratedFile, C:\Develop\USBTools\ARMWorkspace\USBToolARM\MXTmpFiles\gpio.tmp_save
2022-12-26 19:04:43,015 [INFO] CodeEngine:269 - Generated code: C:\Develop\USBTools\ARMWorkspace\USBToolARM\MXTmpFiles\gpio.tmp
2022-12-26 19:04:43,063 [INFO] CodeEngine:245 - oldGeneratedFile, C:\Develop\USBTools\ARMWorkspace\USBToolARM\MXTmpFiles\usb_vars.tmp_save
2022-12-26 19:04:43,103 [INFO] CodeEngine:269 - Generated code: C:\Develop\USBTools\ARMWorkspace\USBToolARM\MXTmpFiles\usb_vars.tmp
2022-12-26 19:04:43,107 [INFO] CodeEngine:245 - oldGeneratedFile, C:\Develop\USBTools\ARMWorkspace\USBToolARM\MXTmpFiles\usb_inc.tmp_save
2022-12-26 19:04:43,173 [INFO] CodeEngine:269 - Generated code: C:\Develop\USBTools\ARMWorkspace\USBToolARM\MXTmpFiles\usb_inc.tmp
2022-12-26 19:04:43,214 [INFO] CodeEngine:245 - oldGeneratedFile, C:\Develop\USBTools\ARMWorkspace\USBToolARM\MXTmpFiles\usb_HalInit.tmp_save
2022-12-26 19:04:43,270 [INFO] CodeEngine:269 - Generated code: C:\Develop\USBTools\ARMWorkspace\USBToolARM\MXTmpFiles\usb_HalInit.tmp
2022-12-26 19:04:43,292 [INFO] CodeEngine:245 - oldGeneratedFile, C:\Develop\USBTools\ARMWorkspace\USBToolARM\MXTmpFiles\usb_Msp.tmp_save
2022-12-26 19:04:43,348 [INFO] CodeEngine:269 - Generated code: C:\Develop\USBTools\ARMWorkspace\USBToolARM\MXTmpFiles\usb_Msp.tmp
2022-12-26 19:04:43,368 [INFO] Middleware:1435 - No code input for Bsp Dependency
2022-12-26 19:04:43,373 [INFO] Middleware:1435 - No code input for Bsp Dependency
2022-12-26 19:04:43,389 [INFO] CodeEngine:245 - oldGeneratedFile, C:\Develop\USBTools\ARMWorkspace\USBToolARM\USB_DEVICE\App\usb_device.c_save
2022-12-26 19:04:43,483 [INFO] CodeEngine:269 - Generated code: C:\Develop\USBTools\ARMWorkspace\USBToolARM\USB_DEVICE\App\usb_device.c
2022-12-26 19:04:43,520 [INFO] CodeEngine:245 - oldGeneratedFile, C:\Develop\USBTools\ARMWorkspace\USBToolARM\USB_DEVICE\App\usb_device.h_save
2022-12-26 19:04:43,564 [INFO] CodeEngine:269 - Generated code: C:\Develop\USBTools\ARMWorkspace\USBToolARM\USB_DEVICE\App\usb_device.h
2022-12-26 19:04:43,601 [INFO] CodeEngine:245 - oldGeneratedFile, C:\Develop\USBTools\ARMWorkspace\USBToolARM\USB_DEVICE\Target\usbd_conf.h_save
2022-12-26 19:04:43,649 [INFO] CodeEngine:269 - Generated code: C:\Develop\USBTools\ARMWorkspace\USBToolARM\USB_DEVICE\Target\usbd_conf.h
2022-12-26 19:04:43,669 [INFO] CodeEngine:245 - oldGeneratedFile, C:\Develop\USBTools\ARMWorkspace\USBToolARM\USB_DEVICE\Target\usbd_conf.c_save
2022-12-26 19:04:43,727 [INFO] CodeEngine:269 - Generated code: C:\Develop\USBTools\ARMWorkspace\USBToolARM\USB_DEVICE\Target\usbd_conf.c
2022-12-26 19:04:43,742 [INFO] CodeEngine:245 - oldGeneratedFile, C:\Develop\USBTools\ARMWorkspace\USBToolARM\USB_DEVICE\App\usbd_desc.h_save
2022-12-26 19:04:43,786 [INFO] CodeEngine:269 - Generated code: C:\Develop\USBTools\ARMWorkspace\USBToolARM\USB_DEVICE\App\usbd_desc.h
2022-12-26 19:04:43,809 [INFO] CodeEngine:245 - oldGeneratedFile, C:\Develop\USBTools\ARMWorkspace\USBToolARM\USB_DEVICE\App\usbd_desc.c_save
2022-12-26 19:04:43,862 [INFO] CodeEngine:269 - Generated code: C:\Develop\USBTools\ARMWorkspace\USBToolARM\USB_DEVICE\App\usbd_desc.c
2022-12-26 19:04:43,880 [INFO] CodeEngine:245 - oldGeneratedFile, C:\Develop\USBTools\ARMWorkspace\USBToolARM\USB_DEVICE\App\usbd_custom_hid_if.h_save
2022-12-26 19:04:43,926 [INFO] CodeEngine:269 - Generated code: C:\Develop\USBTools\ARMWorkspace\USBToolARM\USB_DEVICE\App\usbd_custom_hid_if.h
2022-12-26 19:04:43,957 [INFO] CodeEngine:245 - oldGeneratedFile, C:\Develop\USBTools\ARMWorkspace\USBToolARM\USB_DEVICE\App\usbd_custom_hid_if.c_save
2022-12-26 19:04:44,003 [INFO] CodeEngine:269 - Generated code: C:\Develop\USBTools\ARMWorkspace\USBToolARM\USB_DEVICE\App\usbd_custom_hid_if.c
2022-12-26 19:04:44,012 [INFO] CodeEngine:245 - oldGeneratedFile, C:\Develop\USBTools\ARMWorkspace\USBToolARM\Core\Src\stm32f1xx_it.c_save
2022-12-26 19:04:44,077 [INFO] CodeEngine:269 - Generated code: C:\Develop\USBTools\ARMWorkspace\USBToolARM\Core\Src\stm32f1xx_it.c
2022-12-26 19:04:44,080 [INFO] CodeEngine:245 - oldGeneratedFile, C:\Develop\USBTools\ARMWorkspace\USBToolARM\Core\Inc\stm32f1xx_it.h_save
2022-12-26 19:04:44,127 [INFO] CodeEngine:269 - Generated code: C:\Develop\USBTools\ARMWorkspace\USBToolARM\Core\Inc\stm32f1xx_it.h
2022-12-26 19:04:44,140 [INFO] CodeEngine:245 - oldGeneratedFile, C:\Develop\USBTools\ARMWorkspace\USBToolARM\Core\Src\stm32f1xx_hal_msp.c_save
2022-12-26 19:04:44,200 [INFO] CodeEngine:269 - Generated code: C:\Develop\USBTools\ARMWorkspace\USBToolARM\Core\Src\stm32f1xx_hal_msp.c
2022-12-26 19:04:44,203 [INFO] CodeEngine:245 - oldGeneratedFile, C:\Develop\USBTools\ARMWorkspace\USBToolARM\MXTmpFiles\system.tmp_save
2022-12-26 19:04:44,244 [INFO] CodeEngine:269 - Generated code: C:\Develop\USBTools\ARMWorkspace\USBToolARM\MXTmpFiles\system.tmp
2022-12-26 19:04:44,251 [INFO] CodeEngine:245 - oldGeneratedFile, C:\Develop\USBTools\ARMWorkspace\USBToolARM\Core\Inc\stm32f1xx_hal_conf.h_save
2022-12-26 19:04:44,305 [INFO] CodeEngine:269 - Generated code: C:\Develop\USBTools\ARMWorkspace\USBToolARM\Core\Inc\stm32f1xx_hal_conf.h
2022-12-26 19:04:44,323 [INFO] CodeEngine:245 - oldGeneratedFile, C:\Develop\USBTools\ARMWorkspace\USBToolARM\Core\Inc\main.h_save
2022-12-26 19:04:44,374 [INFO] CodeEngine:269 - Generated code: C:\Develop\USBTools\ARMWorkspace\USBToolARM\Core\Inc\main.h
2022-12-26 19:04:44,380 [INFO] CodeEngine:245 - oldGeneratedFile, C:\Develop\USBTools\ARMWorkspace\USBToolARM\Core\Src\main.c_save
2022-12-26 19:04:44,447 [INFO] CodeEngine:269 - Generated code: C:\Develop\USBTools\ARMWorkspace\USBToolARM\Core\Src\main.c
2022-12-26 19:04:45,041 [INFO] ProjectBuilder:2919 - Time for Copy HAL[1] : 319mS.
2022-12-26 19:04:45,045 [INFO] ProjectBuilder:4117 - Project Generator version: 3.17.1
2022-12-26 19:04:45,266 [INFO] ConfigFileManager:1394 - The Die is : DIE410
2022-12-26 19:04:45,930 [INFO] ProjectBuilder:4285 - Time for Generating toolchain IDE Files: 885mS.
2022-12-26 19:04:45,931 [INFO] ProjectBuilder:2790 - Time for Copy CMSIS : 0mS.
2022-12-26 19:04:45,934 [INFO] ProjectBuilder:2790 - Time for Copy CMSIS : 0mS.
2022-12-26 19:22:14,073 [ERROR] LogOutputStream:74 - [STDERR_REDIRECT] Warning: NLS missing message: ExternalToolsPreferencePage_External_tool_project_builders_migration_2 in: org.eclipse.ui.externaltools.internal.ui.ExternalToolsUIMessages
2022-12-26 19:22:14,076 [ERROR] LogOutputStream:74 - [STDERR_REDIRECT] Warning: NLS missing message: ExternalToolsPreferencePage_Prompt_before_migrating_3 in: org.eclipse.ui.externaltools.internal.ui.ExternalToolsUIMessages
2022-12-26 19:22:14,078 [ERROR] LogOutputStream:74 - [STDERR_REDIRECT] Warning: NLS missing message: ExternalToolsPreferencePage_1 in: org.eclipse.ui.externaltools.internal.ui.ExternalToolsUIMessages
2022-12-26 19:36:09,949 [INFO] Activator:177 - 


2022-12-26 19:36:09,950 [INFO] Activator:178 - !SESSION log4j initialized
